---------------------------------------------------------------
[ 2018-06-28T11:45:42+08:00 ] 0.0.0.0 GET /think5/public/index/index/index
[ info ] localhost/think5/public/index/index/index [运行时间：0.117007s][吞吐率：8.55req/s] [内存消耗：2,763.09kb] [文件加载：55]
[ info ] [ LANG ] C:\xampp\htdocs\think5\thinkphp\lang\zh-cn.php
[ info ] [ ROUTE ] array (
  'type' => 'module',
  'module' => 
  array (
    0 => 'index',
    1 => 'index',
    2 => 'index',
  ),
)
[ info ] [ HEADER ] array (
  'host' => 'localhost',
  'connection' => 'keep-alive',
  'upgrade-insecure-requests' => '1',
  'user-agent' => 'Mozilla/5.0 (Windows NT 6.1; WOW64) AppleWebKit/537.36 (KHTML, like Gecko) Chrome/67.0.3377.1 Safari/537.36',
  'accept' => 'text/html,application/xhtml+xml,application/xml;q=0.9,image/webp,image/apng,*/*;q=0.8',
  'accept-encoding' => 'gzip, deflate, br',
  'accept-language' => 'zh-CN,zh;q=0.9',
  'cookie' => 'PHPSESSID=igkjp9h4mmg1qcatrf3gv77hho',
)
[ info ] [ PARAM ] array (
)
[ info ] [ RUN ] app\index\controller\IndexController->index[ C:\xampp\htdocs\think5\application\index\controller\IndexController.php ]
[ info ] [ DB ] INIT mysql
[ info ] [ VIEW ] C:\xampp\htdocs\think5\public/../application/index\view\index\index.html [ array (
  0 => 'categorys',
  1 => 'articles',
) ]
[ info ] [ LOG ] INIT File
[ sql ] [ DB ] CONNECT:[ UseTime:0.012000s ] mysql:host=127.0.0.1;dbname=mysql;charset=utf8
[ sql ] [ SQL ] SHOW COLUMNS FROM `category` [ RunTime:0.024002s ]
[ sql ] [ SQL ] SELECT * FROM `category` ORDER BY `id`  desc [ RunTime:0.000000s ]
[ sql ] [ SQL ] SHOW COLUMNS FROM `article` [ RunTime:0.026001s ]
[ sql ] [ SQL ] SELECT * FROM `article` ORDER BY `id`  desc [ RunTime:0.001000s ]
---------------------------------------------------------------
[ 2018-06-28T11:45:42+08:00 ] 0.0.0.0 GET /think5/public/static/js/jquery.appear.js
[ info ] localhost/think5/public/static/js/jquery.appear.js [运行时间：0.037003s][吞吐率：27.02req/s] [内存消耗：1,246.88kb] [文件加载：37]
[ info ] [ LANG ] C:\xampp\htdocs\think5\thinkphp\lang\zh-cn.php
[ info ] [ ROUTE ] array (
  'type' => 'module',
  'module' => 
  array (
    0 => 'static',
    1 => 'js',
    2 => 'jquery.appear.js',
  ),
)
[ info ] [ HEADER ] array (
  'host' => 'localhost',
  'connection' => 'keep-alive',
  'user-agent' => 'Mozilla/5.0 (Windows NT 6.1; WOW64) AppleWebKit/537.36 (KHTML, like Gecko) Chrome/67.0.3377.1 Safari/537.36',
  'accept' => '*/*',
  'referer' => 'http://localhost/think5/public/index/index/index',
  'accept-encoding' => 'gzip, deflate, br',
  'accept-language' => 'zh-CN,zh;q=0.9',
  'cookie' => 'PHPSESSID=igkjp9h4mmg1qcatrf3gv77hho',
)
[ info ] [ PARAM ] array (
)
[ info ] [ LOG ] INIT File
---------------------------------------------------------------
[ 2018-06-28T11:45:42+08:00 ] 0.0.0.0 GET /think5/public/index/index/media/AirReview-Landmarks-02-ChasingCorporate.mp3
[ info ] localhost/think5/public/index/index/media/AirReview-Landmarks-02-ChasingCorporate.mp3 [运行时间：0.039003s][吞吐率：25.64req/s] [内存消耗：1,499.02kb] [文件加载：44]
[ info ] [ LANG ] C:\xampp\htdocs\think5\thinkphp\lang\zh-cn.php
[ info ] [ ROUTE ] array (
  'type' => 'module',
  'module' => 
  array (
    0 => 'index',
    1 => 'index',
    2 => 'media',
  ),
)
[ info ] [ HEADER ] array (
  'host' => 'localhost',
  'connection' => 'keep-alive',
  'accept-encoding' => 'identity;q=1, *;q=0',
  'user-agent' => 'Mozilla/5.0 (Windows NT 6.1; WOW64) AppleWebKit/537.36 (KHTML, like Gecko) Chrome/67.0.3377.1 Safari/537.36',
  'accept' => '*/*',
  'referer' => 'http://localhost/think5/public/index/index/index',
  'accept-language' => 'zh-CN,zh;q=0.9',
  'cookie' => 'PHPSESSID=igkjp9h4mmg1qcatrf3gv77hho',
  'range' => 'bytes=0-',
)
[ info ] [ PARAM ] array (
)
[ info ] [ LOG ] INIT File
---------------------------------------------------------------
[ 2018-06-28T11:45:42+08:00 ] 0.0.0.0 GET /think5/public/static/js/jquery.appear.js
[ info ] localhost/think5/public/static/js/jquery.appear.js [运行时间：0.024002s][吞吐率：41.66req/s] [内存消耗：1,246.88kb] [文件加载：37]
[ info ] [ LANG ] C:\xampp\htdocs\think5\thinkphp\lang\zh-cn.php
[ info ] [ ROUTE ] array (
  'type' => 'module',
  'module' => 
  array (
    0 => 'static',
    1 => 'js',
    2 => 'jquery.appear.js',
  ),
)
[ info ] [ HEADER ] array (
  'host' => 'localhost',
  'connection' => 'keep-alive',
  'user-agent' => 'Mozilla/5.0 (Windows NT 6.1; WOW64) AppleWebKit/537.36 (KHTML, like Gecko) Chrome/67.0.3377.1 Safari/537.36',
  'accept' => '*/*',
  'referer' => 'http://localhost/think5/public/index/index/index',
  'accept-encoding' => 'gzip, deflate, br',
  'accept-language' => 'zh-CN,zh;q=0.9',
  'cookie' => 'PHPSESSID=igkjp9h4mmg1qcatrf3gv77hho',
)
[ info ] [ PARAM ] array (
)
[ info ] [ LOG ] INIT File
---------------------------------------------------------------
[ 2018-06-28T11:45:42+08:00 ] 0.0.0.0 GET /think5/public/index/index/media/AirReview-Landmarks-02-ChasingCorporate.mp3
[ info ] localhost/think5/public/index/index/media/AirReview-Landmarks-02-ChasingCorporate.mp3 [运行时间：0.031001s][吞吐率：32.26req/s] [内存消耗：1,499.02kb] [文件加载：44]
[ info ] [ LANG ] C:\xampp\htdocs\think5\thinkphp\lang\zh-cn.php
[ info ] [ ROUTE ] array (
  'type' => 'module',
  'module' => 
  array (
    0 => 'index',
    1 => 'index',
    2 => 'media',
  ),
)
[ info ] [ HEADER ] array (
  'host' => 'localhost',
  'connection' => 'keep-alive',
  'accept-encoding' => 'identity;q=1, *;q=0',
  'user-agent' => 'Mozilla/5.0 (Windows NT 6.1; WOW64) AppleWebKit/537.36 (KHTML, like Gecko) Chrome/67.0.3377.1 Safari/537.36',
  'accept' => '*/*',
  'referer' => 'http://localhost/think5/public/index/index/index',
  'accept-language' => 'zh-CN,zh;q=0.9',
  'cookie' => 'PHPSESSID=igkjp9h4mmg1qcatrf3gv77hho',
  'range' => 'bytes=0-',
)
[ info ] [ PARAM ] array (
)
[ info ] [ LOG ] INIT File
---------------------------------------------------------------
[ 2018-06-28T11:45:48+08:00 ] 0.0.0.0 GET /think5/public/user/login/index.html
[ info ] localhost/think5/public/user/login/index.html [运行时间：0.053003s][吞吐率：18.87req/s] [内存消耗：1,664.92kb] [文件加载：45]
[ info ] [ LANG ] C:\xampp\htdocs\think5\thinkphp\lang\zh-cn.php
[ info ] [ ROUTE ] array (
  'type' => 'module',
  'module' => 
  array (
    0 => 'user',
    1 => 'login',
    2 => 'index',
  ),
)
[ info ] [ HEADER ] array (
  'host' => 'localhost',
  'connection' => 'keep-alive',
  'upgrade-insecure-requests' => '1',
  'user-agent' => 'Mozilla/5.0 (Windows NT 6.1; WOW64) AppleWebKit/537.36 (KHTML, like Gecko) Chrome/67.0.3377.1 Safari/537.36',
  'accept' => 'text/html,application/xhtml+xml,application/xml;q=0.9,image/webp,image/apng,*/*;q=0.8',
  'referer' => 'http://localhost/think5/public/index/index/index',
  'accept-encoding' => 'gzip, deflate, br',
  'accept-language' => 'zh-CN,zh;q=0.9',
  'cookie' => 'PHPSESSID=igkjp9h4mmg1qcatrf3gv77hho',
)
[ info ] [ PARAM ] array (
)
[ info ] [ RUN ] app\user\controller\LoginController->index[ C:\xampp\htdocs\think5\application\user\controller\LoginController.php ]
[ info ] [ VIEW ] C:\xampp\htdocs\think5\public/../application/user\view\login\index.html [ array (
) ]
[ info ] [ LOG ] INIT File
---------------------------------------------------------------
[ 2018-06-28T11:45:48+08:00 ] 0.0.0.0 GET /think5/public/captcha.html
[ info ] localhost/think5/public/captcha.html [运行时间：0.036002s][吞吐率：27.78req/s] [内存消耗：1,545.95kb] [文件加载：38]
[ info ] [ LANG ] C:\xampp\htdocs\think5\thinkphp\lang\zh-cn.php
[ info ] [ ROUTE ] array (
  'type' => 'method',
  'method' => 
  array (
    0 => '\\think\\captcha\\CaptchaController',
    1 => 'index',
  ),
  'var' => 
  array (
  ),
)
[ info ] [ HEADER ] array (
  'host' => 'localhost',
  'connection' => 'keep-alive',
  'user-agent' => 'Mozilla/5.0 (Windows NT 6.1; WOW64) AppleWebKit/537.36 (KHTML, like Gecko) Chrome/67.0.3377.1 Safari/537.36',
  'accept' => 'image/webp,image/apng,image/*,*/*;q=0.8',
  'referer' => 'http://localhost/think5/public/user/login/index.html',
  'accept-encoding' => 'gzip, deflate, br',
  'accept-language' => 'zh-CN,zh;q=0.9',
  'cookie' => 'PHPSESSID=igkjp9h4mmg1qcatrf3gv77hho',
)
[ info ] [ PARAM ] array (
  'id' => '',
)
[ info ] [ RUN ] think\captcha\CaptchaController->index[ C:\xampp\htdocs\think5\vendor\topthink\think-captcha\src\CaptchaController.php ]
[ info ] [ SESSION ] INIT array (
  'id' => '',
  'var_session_id' => '',
  'prefix' => 'think',
  'type' => '',
  'auto_start' => true,
)
[ info ] [ LOG ] INIT File
---------------------------------------------------------------
[ 2018-06-28T11:45:51+08:00 ] 0.0.0.0 GET /think5/public/admin/login/index.html
[ info ] localhost/think5/public/admin/login/index.html [运行时间：0.067003s][吞吐率：14.92req/s] [内存消耗：1,659.09kb] [文件加载：45]
[ info ] [ LANG ] C:\xampp\htdocs\think5\thinkphp\lang\zh-cn.php
[ info ] [ ROUTE ] array (
  'type' => 'module',
  'module' => 
  array (
    0 => 'admin',
    1 => 'login',
    2 => 'index',
  ),
)
[ info ] [ HEADER ] array (
  'host' => 'localhost',
  'connection' => 'keep-alive',
  'upgrade-insecure-requests' => '1',
  'user-agent' => 'Mozilla/5.0 (Windows NT 6.1; WOW64) AppleWebKit/537.36 (KHTML, like Gecko) Chrome/67.0.3377.1 Safari/537.36',
  'accept' => 'text/html,application/xhtml+xml,application/xml;q=0.9,image/webp,image/apng,*/*;q=0.8',
  'referer' => 'http://localhost/think5/public/user/login/index.html',
  'accept-encoding' => 'gzip, deflate, br',
  'accept-language' => 'zh-CN,zh;q=0.9',
  'cookie' => 'PHPSESSID=igkjp9h4mmg1qcatrf3gv77hho',
)
[ info ] [ PARAM ] array (
)
[ info ] [ RUN ] app\admin\controller\LoginController->index[ C:\xampp\htdocs\think5\application\admin\controller\LoginController.php ]
[ info ] [ VIEW ] C:\xampp\htdocs\think5\public/../application/admin\view\login\index.html [ array (
) ]
[ info ] [ LOG ] INIT File
---------------------------------------------------------------
[ 2018-06-28T11:45:58+08:00 ] 0.0.0.0 POST /think5/public/admin/login/check.html
[ info ] localhost/think5/public/admin/login/check.html [运行时间：0.150009s][吞吐率：6.67req/s] [内存消耗：2,685.93kb] [文件加载：55]
[ info ] [ LANG ] C:\xampp\htdocs\think5\thinkphp\lang\zh-cn.php
[ info ] [ ROUTE ] array (
  'type' => 'module',
  'module' => 
  array (
    0 => 'admin',
    1 => 'login',
    2 => 'check',
  ),
)
[ info ] [ HEADER ] array (
  'host' => 'localhost',
  'connection' => 'keep-alive',
  'content-length' => '35',
  'cache-control' => 'max-age=0',
  'origin' => 'http://localhost',
  'upgrade-insecure-requests' => '1',
  'content-type' => 'application/x-www-form-urlencoded',
  'user-agent' => 'Mozilla/5.0 (Windows NT 6.1; WOW64) AppleWebKit/537.36 (KHTML, like Gecko) Chrome/67.0.3377.1 Safari/537.36',
  'accept' => 'text/html,application/xhtml+xml,application/xml;q=0.9,image/webp,image/apng,*/*;q=0.8',
  'referer' => 'http://localhost/think5/public/admin/login/index.html',
  'accept-encoding' => 'gzip, deflate, br',
  'accept-language' => 'zh-CN,zh;q=0.9',
  'cookie' => 'PHPSESSID=igkjp9h4mmg1qcatrf3gv77hho',
)
[ info ] [ PARAM ] array (
  'username' => 'superadmin',
  'password' => '123456',
)
[ info ] [ RUN ] app\admin\controller\LoginController->check[ C:\xampp\htdocs\think5\application\admin\controller\LoginController.php ]
[ info ] [ DB ] INIT mysql
[ info ] [ SESSION ] INIT array (
  'id' => '',
  'var_session_id' => '',
  'prefix' => 'think',
  'type' => '',
  'auto_start' => true,
)
[ info ] [ VIEW ] C:\xampp\htdocs\think5\thinkphp\tpl\dispatch_jump.tpl [ array (
  0 => 'code',
  1 => 'msg',
  2 => 'data',
  3 => 'url',
  4 => 'wait',
) ]
[ info ] [ LOG ] INIT File
[ sql ] [ DB ] CONNECT:[ UseTime:0.010001s ] mysql:host=127.0.0.1;dbname=mysql;charset=utf8
[ sql ] [ SQL ] SHOW COLUMNS FROM `admin` [ RunTime:0.039002s ]
[ sql ] [ SQL ] SELECT * FROM `admin` WHERE  `username` = 'superadmin' LIMIT 1 [ RunTime:0.004000s ]
---------------------------------------------------------------
[ 2018-06-28T11:45:59+08:00 ] 0.0.0.0 GET /think5/public/admin/adminhotai/index.html
[ info ] localhost/think5/public/admin/adminhotai/index.html [运行时间：0.073004s][吞吐率：13.70req/s] [内存消耗：2,832.83kb] [文件加载：57]
[ info ] [ LANG ] C:\xampp\htdocs\think5\thinkphp\lang\zh-cn.php
[ info ] [ ROUTE ] array (
  'type' => 'module',
  'module' => 
  array (
    0 => 'admin',
    1 => 'adminhotai',
    2 => 'index',
  ),
)
[ info ] [ HEADER ] array (
  'host' => 'localhost',
  'connection' => 'keep-alive',
  'upgrade-insecure-requests' => '1',
  'user-agent' => 'Mozilla/5.0 (Windows NT 6.1; WOW64) AppleWebKit/537.36 (KHTML, like Gecko) Chrome/67.0.3377.1 Safari/537.36',
  'accept' => 'text/html,application/xhtml+xml,application/xml;q=0.9,image/webp,image/apng,*/*;q=0.8',
  'referer' => 'http://localhost/think5/public/admin/login/check.html',
  'accept-encoding' => 'gzip, deflate, br',
  'accept-language' => 'zh-CN,zh;q=0.9',
  'cookie' => 'PHPSESSID=igkjp9h4mmg1qcatrf3gv77hho',
)
[ info ] [ PARAM ] array (
)
[ info ] [ SESSION ] INIT array (
  'id' => '',
  'var_session_id' => '',
  'prefix' => 'think',
  'type' => '',
  'auto_start' => true,
)
[ info ] [ RUN ] app\admin\controller\AdminhotaiController->index[ C:\xampp\htdocs\think5\application\admin\controller\AdminhotaiController.php ]
[ info ] [ DB ] INIT mysql
[ info ] [ VIEW ] C:\xampp\htdocs\think5\public/../application/admin\view\adminhotai\index.html [ array (
  0 => 'user',
  1 => 'admin',
  2 => 'categorys',
  3 => 'articles',
) ]
[ info ] [ LOG ] INIT File
[ sql ] [ DB ] CONNECT:[ UseTime:0.010001s ] mysql:host=127.0.0.1;dbname=mysql;charset=utf8
[ sql ] [ SQL ] SHOW COLUMNS FROM `admin` [ RunTime:0.003000s ]
[ sql ] [ SQL ] SELECT * FROM `admin` WHERE  `id` = 1 LIMIT 1 [ RunTime:0.000000s ]
[ sql ] [ SQL ] SHOW COLUMNS FROM `category` [ RunTime:0.003000s ]
[ sql ] [ SQL ] SELECT * FROM `category` ORDER BY `id`  desc [ RunTime:0.000000s ]
[ sql ] [ SQL ] SHOW COLUMNS FROM `article` [ RunTime:0.003001s ]
[ sql ] [ SQL ] SELECT * FROM `article` ORDER BY `id`  desc [ RunTime:0.000000s ]
[ sql ] [ SQL ] SELECT * FROM `category` WHERE  `id` = 1 LIMIT 1 [ RunTime:0.000000s ]
[ sql ] [ SQL ] SHOW COLUMNS FROM `author` [ RunTime:0.002000s ]
[ sql ] [ SQL ] SELECT * FROM `author` WHERE  `id` = 1 LIMIT 1 [ RunTime:0.001000s ]
---------------------------------------------------------------
[ 2018-06-28T11:45:59+08:00 ] 0.0.0.0 GET /think5/public/admin/adminhotai/assets/img/user04.png
[ info ] localhost/think5/public/admin/adminhotai/assets/img/user04.png [运行时间：0.063003s][吞吐率：15.87req/s] [内存消耗：1,800.88kb] [文件加载：47]
[ info ] [ LANG ] C:\xampp\htdocs\think5\thinkphp\lang\zh-cn.php
[ info ] [ ROUTE ] array (
  'type' => 'module',
  'module' => 
  array (
    0 => 'admin',
    1 => 'adminhotai',
    2 => 'assets',
  ),
)
[ info ] [ HEADER ] array (
  'host' => 'localhost',
  'connection' => 'keep-alive',
  'user-agent' => 'Mozilla/5.0 (Windows NT 6.1; WOW64) AppleWebKit/537.36 (KHTML, like Gecko) Chrome/67.0.3377.1 Safari/537.36',
  'accept' => 'image/webp,image/apng,image/*,*/*;q=0.8',
  'referer' => 'http://localhost/think5/public/admin/adminhotai/index.html',
  'accept-encoding' => 'gzip, deflate, br',
  'accept-language' => 'zh-CN,zh;q=0.9',
  'cookie' => 'PHPSESSID=igkjp9h4mmg1qcatrf3gv77hho',
)
[ info ] [ PARAM ] array (
  'img' => 'user04.png',
)
[ info ] [ SESSION ] INIT array (
  'id' => '',
  'var_session_id' => '',
  'prefix' => 'think',
  'type' => '',
  'auto_start' => true,
)
[ info ] [ LOG ] INIT File
---------------------------------------------------------------
[ 2018-06-28T11:45:59+08:00 ] 0.0.0.0 GET /think5/public/admin/adminhotai/assets/img/user02.png
[ info ] localhost/think5/public/admin/adminhotai/assets/img/user02.png [运行时间：0.037002s][吞吐率：27.03req/s] [内存消耗：1,800.88kb] [文件加载：47]
[ info ] [ LANG ] C:\xampp\htdocs\think5\thinkphp\lang\zh-cn.php
[ info ] [ ROUTE ] array (
  'type' => 'module',
  'module' => 
  array (
    0 => 'admin',
    1 => 'adminhotai',
    2 => 'assets',
  ),
)
[ info ] [ HEADER ] array (
  'host' => 'localhost',
  'connection' => 'keep-alive',
  'user-agent' => 'Mozilla/5.0 (Windows NT 6.1; WOW64) AppleWebKit/537.36 (KHTML, like Gecko) Chrome/67.0.3377.1 Safari/537.36',
  'accept' => 'image/webp,image/apng,image/*,*/*;q=0.8',
  'referer' => 'http://localhost/think5/public/admin/adminhotai/index.html',
  'accept-encoding' => 'gzip, deflate, br',
  'accept-language' => 'zh-CN,zh;q=0.9',
  'cookie' => 'PHPSESSID=igkjp9h4mmg1qcatrf3gv77hho',
)
[ info ] [ PARAM ] array (
  'img' => 'user02.png',
)
[ info ] [ SESSION ] INIT array (
  'id' => '',
  'var_session_id' => '',
  'prefix' => 'think',
  'type' => '',
  'auto_start' => true,
)
[ info ] [ LOG ] INIT File
---------------------------------------------------------------
[ 2018-06-28T11:46:02+08:00 ] 0.0.0.0 GET /think5/public/admin/adminhotai/user.html
[ info ] localhost/think5/public/admin/adminhotai/user.html [运行时间：0.096005s][吞吐率：10.42req/s] [内存消耗：2,886.50kb] [文件加载：59]
[ info ] [ LANG ] C:\xampp\htdocs\think5\thinkphp\lang\zh-cn.php
[ info ] [ ROUTE ] array (
  'type' => 'module',
  'module' => 
  array (
    0 => 'admin',
    1 => 'adminhotai',
    2 => 'user',
  ),
)
[ info ] [ HEADER ] array (
  'host' => 'localhost',
  'connection' => 'keep-alive',
  'upgrade-insecure-requests' => '1',
  'user-agent' => 'Mozilla/5.0 (Windows NT 6.1; WOW64) AppleWebKit/537.36 (KHTML, like Gecko) Chrome/67.0.3377.1 Safari/537.36',
  'accept' => 'text/html,application/xhtml+xml,application/xml;q=0.9,image/webp,image/apng,*/*;q=0.8',
  'referer' => 'http://localhost/think5/public/admin/adminhotai/index.html',
  'accept-encoding' => 'gzip, deflate, br',
  'accept-language' => 'zh-CN,zh;q=0.9',
  'cookie' => 'PHPSESSID=igkjp9h4mmg1qcatrf3gv77hho',
)
[ info ] [ PARAM ] array (
)
[ info ] [ SESSION ] INIT array (
  'id' => '',
  'var_session_id' => '',
  'prefix' => 'think',
  'type' => '',
  'auto_start' => true,
)
[ info ] [ RUN ] app\admin\controller\AdminhotaiController->user[ C:\xampp\htdocs\think5\application\admin\controller\AdminhotaiController.php ]
[ info ] [ DB ] INIT mysql
[ info ] [ VIEW ] C:\xampp\htdocs\think5\public/../application/admin\view\adminhotai\user.html [ array (
  0 => 'user',
  1 => 'admin',
  2 => 'author',
) ]
[ info ] [ LOG ] INIT File
[ sql ] [ DB ] CONNECT:[ UseTime:0.011000s ] mysql:host=127.0.0.1;dbname=mysql;charset=utf8
[ sql ] [ SQL ] SHOW COLUMNS FROM `admin` [ RunTime:0.003001s ]
[ sql ] [ SQL ] SELECT * FROM `admin` WHERE  `id` = 1 LIMIT 1 [ RunTime:0.001000s ]
[ sql ] [ SQL ] SHOW COLUMNS FROM `author` [ RunTime:0.003000s ]
[ sql ] [ SQL ] SELECT COUNT(*) AS tp_count FROM `author` LIMIT 1 [ RunTime:0.000000s ]
[ sql ] [ SQL ] SELECT * FROM `author` ORDER BY `id`  LIMIT 0,20 [ RunTime:0.000000s ]
---------------------------------------------------------------
[ 2018-06-28T11:46:02+08:00 ] 0.0.0.0 GET /think5/public/admin/adminhotai/assets/img/user04.png
[ info ] localhost/think5/public/admin/adminhotai/assets/img/user04.png [运行时间：0.034002s][吞吐率：29.41req/s] [内存消耗：1,800.88kb] [文件加载：47]
[ info ] [ LANG ] C:\xampp\htdocs\think5\thinkphp\lang\zh-cn.php
[ info ] [ ROUTE ] array (
  'type' => 'module',
  'module' => 
  array (
    0 => 'admin',
    1 => 'adminhotai',
    2 => 'assets',
  ),
)
[ info ] [ HEADER ] array (
  'host' => 'localhost',
  'connection' => 'keep-alive',
  'user-agent' => 'Mozilla/5.0 (Windows NT 6.1; WOW64) AppleWebKit/537.36 (KHTML, like Gecko) Chrome/67.0.3377.1 Safari/537.36',
  'accept' => 'image/webp,image/apng,image/*,*/*;q=0.8',
  'referer' => 'http://localhost/think5/public/admin/adminhotai/user.html',
  'accept-encoding' => 'gzip, deflate, br',
  'accept-language' => 'zh-CN,zh;q=0.9',
  'cookie' => 'PHPSESSID=igkjp9h4mmg1qcatrf3gv77hho',
)
[ info ] [ PARAM ] array (
  'img' => 'user04.png',
)
[ info ] [ SESSION ] INIT array (
  'id' => '',
  'var_session_id' => '',
  'prefix' => 'think',
  'type' => '',
  'auto_start' => true,
)
[ info ] [ LOG ] INIT File
---------------------------------------------------------------
[ 2018-06-28T11:46:04+08:00 ] 0.0.0.0 GET /think5/public/admin/adminhotai/edit/id/1.html
[ info ] localhost/think5/public/admin/adminhotai/edit/id/1.html [运行时间：0.083005s][吞吐率：12.05req/s] [内存消耗：2,813.77kb] [文件加载：60]
[ info ] [ LANG ] C:\xampp\htdocs\think5\thinkphp\lang\zh-cn.php
[ info ] [ ROUTE ] array (
  'type' => 'module',
  'module' => 
  array (
    0 => 'admin',
    1 => 'adminhotai',
    2 => 'edit',
  ),
)
[ info ] [ HEADER ] array (
  'host' => 'localhost',
  'connection' => 'keep-alive',
  'upgrade-insecure-requests' => '1',
  'user-agent' => 'Mozilla/5.0 (Windows NT 6.1; WOW64) AppleWebKit/537.36 (KHTML, like Gecko) Chrome/67.0.3377.1 Safari/537.36',
  'accept' => 'text/html,application/xhtml+xml,application/xml;q=0.9,image/webp,image/apng,*/*;q=0.8',
  'referer' => 'http://localhost/think5/public/admin/adminhotai/user.html',
  'accept-encoding' => 'gzip, deflate, br',
  'accept-language' => 'zh-CN,zh;q=0.9',
  'cookie' => 'PHPSESSID=igkjp9h4mmg1qcatrf3gv77hho',
)
[ info ] [ PARAM ] array (
  'id' => '1',
)
[ info ] [ SESSION ] INIT array (
  'id' => '',
  'var_session_id' => '',
  'prefix' => 'think',
  'type' => '',
  'auto_start' => true,
)
[ info ] [ RUN ] app\admin\controller\AdminhotaiController->edit[ C:\xampp\htdocs\think5\application\admin\controller\AdminhotaiController.php ]
[ info ] [ DB ] INIT mysql
[ info ] [ VIEW ] C:\xampp\htdocs\think5\public/../application/admin\view\adminhotai\edit.html [ array (
  0 => 'user',
  1 => 'author',
) ]
[ info ] [ LOG ] INIT File
[ sql ] [ DB ] CONNECT:[ UseTime:0.011001s ] mysql:host=127.0.0.1;dbname=mysql;charset=utf8
[ sql ] [ SQL ] SHOW COLUMNS FROM `author` [ RunTime:0.003000s ]
[ sql ] [ SQL ] SELECT * FROM `author` WHERE  `id` = 1 LIMIT 1 [ RunTime:0.001000s ]
[ error ] [8]未定义变量: admin[C:\xampp\htdocs\think5\runtime\temp\53739eb9fd10a29c10d08ac2af2d66a2.php:193]
---------------------------------------------------------------
[ 2018-06-28T11:46:13+08:00 ] 0.0.0.0 GET /think5/public/admin/adminhotai/user.html
[ info ] localhost/think5/public/admin/adminhotai/user.html [运行时间：0.086005s][吞吐率：11.63req/s] [内存消耗：2,722.82kb] [文件加载：57]
[ info ] [ LANG ] C:\xampp\htdocs\think5\thinkphp\lang\zh-cn.php
[ info ] [ ROUTE ] array (
  'type' => 'module',
  'module' => 
  array (
    0 => 'admin',
    1 => 'adminhotai',
    2 => 'user',
  ),
)
[ info ] [ HEADER ] array (
  'host' => 'localhost',
  'connection' => 'keep-alive',
  'upgrade-insecure-requests' => '1',
  'user-agent' => 'Mozilla/5.0 (Windows NT 6.1; WOW64) AppleWebKit/537.36 (KHTML, like Gecko) Chrome/67.0.3377.1 Safari/537.36',
  'accept' => 'text/html,application/xhtml+xml,application/xml;q=0.9,image/webp,image/apng,*/*;q=0.8',
  'referer' => 'http://localhost/think5/public/admin/adminhotai/index.html',
  'accept-encoding' => 'gzip, deflate, br',
  'accept-language' => 'zh-CN,zh;q=0.9',
  'cookie' => 'PHPSESSID=igkjp9h4mmg1qcatrf3gv77hho',
)
[ info ] [ PARAM ] array (
)
[ info ] [ SESSION ] INIT array (
  'id' => '',
  'var_session_id' => '',
  'prefix' => 'think',
  'type' => '',
  'auto_start' => true,
)
[ info ] [ RUN ] app\admin\controller\AdminhotaiController->user[ C:\xampp\htdocs\think5\application\admin\controller\AdminhotaiController.php ]
[ info ] [ DB ] INIT mysql
[ info ] [ VIEW ] C:\xampp\htdocs\think5\public/../application/admin\view\adminhotai\user.html [ array (
  0 => 'user',
  1 => 'admin',
  2 => 'author',
) ]
[ info ] [ LOG ] INIT File
[ sql ] [ DB ] CONNECT:[ UseTime:0.010001s ] mysql:host=127.0.0.1;dbname=mysql;charset=utf8
[ sql ] [ SQL ] SHOW COLUMNS FROM `admin` [ RunTime:0.003000s ]
[ sql ] [ SQL ] SELECT * FROM `admin` WHERE  `id` = 1 LIMIT 1 [ RunTime:0.000000s ]
[ sql ] [ SQL ] SHOW COLUMNS FROM `author` [ RunTime:0.003000s ]
[ sql ] [ SQL ] SELECT COUNT(*) AS tp_count FROM `author` LIMIT 1 [ RunTime:0.000000s ]
[ sql ] [ SQL ] SELECT * FROM `author` ORDER BY `id`  LIMIT 0,20 [ RunTime:0.000000s ]
---------------------------------------------------------------
[ 2018-06-28T11:46:13+08:00 ] 0.0.0.0 GET /think5/public/admin/adminhotai/assets/img/user04.png
[ info ] localhost/think5/public/admin/adminhotai/assets/img/user04.png [运行时间：0.035002s][吞吐率：28.57req/s] [内存消耗：1,800.88kb] [文件加载：47]
[ info ] [ LANG ] C:\xampp\htdocs\think5\thinkphp\lang\zh-cn.php
[ info ] [ ROUTE ] array (
  'type' => 'module',
  'module' => 
  array (
    0 => 'admin',
    1 => 'adminhotai',
    2 => 'assets',
  ),
)
[ info ] [ HEADER ] array (
  'host' => 'localhost',
  'connection' => 'keep-alive',
  'user-agent' => 'Mozilla/5.0 (Windows NT 6.1; WOW64) AppleWebKit/537.36 (KHTML, like Gecko) Chrome/67.0.3377.1 Safari/537.36',
  'accept' => 'image/webp,image/apng,image/*,*/*;q=0.8',
  'referer' => 'http://localhost/think5/public/admin/adminhotai/user.html',
  'accept-encoding' => 'gzip, deflate, br',
  'accept-language' => 'zh-CN,zh;q=0.9',
  'cookie' => 'PHPSESSID=igkjp9h4mmg1qcatrf3gv77hho',
)
[ info ] [ PARAM ] array (
  'img' => 'user04.png',
)
[ info ] [ SESSION ] INIT array (
  'id' => '',
  'var_session_id' => '',
  'prefix' => 'think',
  'type' => '',
  'auto_start' => true,
)
[ info ] [ LOG ] INIT File
---------------------------------------------------------------
[ 2018-06-28T11:46:18+08:00 ] 0.0.0.0 GET /think5/public/admin/adminhotai/article.html
[ info ] localhost/think5/public/admin/adminhotai/article.html [运行时间：0.084004s][吞吐率：11.90req/s] [内存消耗：2,832.55kb] [文件加载：57]
[ info ] [ LANG ] C:\xampp\htdocs\think5\thinkphp\lang\zh-cn.php
[ info ] [ ROUTE ] array (
  'type' => 'module',
  'module' => 
  array (
    0 => 'admin',
    1 => 'adminhotai',
    2 => 'article',
  ),
)
[ info ] [ HEADER ] array (
  'host' => 'localhost',
  'connection' => 'keep-alive',
  'upgrade-insecure-requests' => '1',
  'user-agent' => 'Mozilla/5.0 (Windows NT 6.1; WOW64) AppleWebKit/537.36 (KHTML, like Gecko) Chrome/67.0.3377.1 Safari/537.36',
  'accept' => 'text/html,application/xhtml+xml,application/xml;q=0.9,image/webp,image/apng,*/*;q=0.8',
  'referer' => 'http://localhost/think5/public/admin/adminhotai/user.html',
  'accept-encoding' => 'gzip, deflate, br',
  'accept-language' => 'zh-CN,zh;q=0.9',
  'cookie' => 'PHPSESSID=igkjp9h4mmg1qcatrf3gv77hho',
)
[ info ] [ PARAM ] array (
)
[ info ] [ SESSION ] INIT array (
  'id' => '',
  'var_session_id' => '',
  'prefix' => 'think',
  'type' => '',
  'auto_start' => true,
)
[ info ] [ RUN ] app\admin\controller\AdminhotaiController->article[ C:\xampp\htdocs\think5\application\admin\controller\AdminhotaiController.php ]
[ info ] [ DB ] INIT mysql
[ info ] [ VIEW ] C:\xampp\htdocs\think5\public/../application/admin\view\adminhotai\article.html [ array (
  0 => 'user',
  1 => 'admin',
  2 => 'categorys',
  3 => 'articles',
) ]
[ info ] [ LOG ] INIT File
[ sql ] [ DB ] CONNECT:[ UseTime:0.010001s ] mysql:host=127.0.0.1;dbname=mysql;charset=utf8
[ sql ] [ SQL ] SHOW COLUMNS FROM `admin` [ RunTime:0.003000s ]
[ sql ] [ SQL ] SELECT * FROM `admin` WHERE  `id` = 1 LIMIT 1 [ RunTime:0.000000s ]
[ sql ] [ SQL ] SHOW COLUMNS FROM `category` [ RunTime:0.003001s ]
[ sql ] [ SQL ] SELECT * FROM `category` ORDER BY `id`  desc [ RunTime:0.000000s ]
[ sql ] [ SQL ] SHOW COLUMNS FROM `article` [ RunTime:0.003000s ]
[ sql ] [ SQL ] SELECT * FROM `article` ORDER BY `id`  desc [ RunTime:0.000000s ]
[ sql ] [ SQL ] SELECT * FROM `category` WHERE  `id` = 1 LIMIT 1 [ RunTime:0.001000s ]
[ sql ] [ SQL ] SHOW COLUMNS FROM `author` [ RunTime:0.002000s ]
[ sql ] [ SQL ] SELECT * FROM `author` WHERE  `id` = 1 LIMIT 1 [ RunTime:0.001000s ]
---------------------------------------------------------------
[ 2018-06-28T11:46:18+08:00 ] 0.0.0.0 GET /think5/public/admin/adminhotai/assets/img/user04.png
[ info ] localhost/think5/public/admin/adminhotai/assets/img/user04.png [运行时间：0.036002s][吞吐率：27.78req/s] [内存消耗：1,800.88kb] [文件加载：47]
[ info ] [ LANG ] C:\xampp\htdocs\think5\thinkphp\lang\zh-cn.php
[ info ] [ ROUTE ] array (
  'type' => 'module',
  'module' => 
  array (
    0 => 'admin',
    1 => 'adminhotai',
    2 => 'assets',
  ),
)
[ info ] [ HEADER ] array (
  'host' => 'localhost',
  'connection' => 'keep-alive',
  'user-agent' => 'Mozilla/5.0 (Windows NT 6.1; WOW64) AppleWebKit/537.36 (KHTML, like Gecko) Chrome/67.0.3377.1 Safari/537.36',
  'accept' => 'image/webp,image/apng,image/*,*/*;q=0.8',
  'referer' => 'http://localhost/think5/public/admin/adminhotai/article.html',
  'accept-encoding' => 'gzip, deflate, br',
  'accept-language' => 'zh-CN,zh;q=0.9',
  'cookie' => 'PHPSESSID=igkjp9h4mmg1qcatrf3gv77hho',
)
[ info ] [ PARAM ] array (
  'img' => 'user04.png',
)
[ info ] [ SESSION ] INIT array (
  'id' => '',
  'var_session_id' => '',
  'prefix' => 'think',
  'type' => '',
  'auto_start' => true,
)
[ info ] [ LOG ] INIT File
---------------------------------------------------------------
[ 2018-06-28T11:46:20+08:00 ] 0.0.0.0 GET /think5/public/admin/adminhotai/user.html
[ info ] localhost/think5/public/admin/adminhotai/user.html [运行时间：0.088005s][吞吐率：11.36req/s] [内存消耗：2,722.82kb] [文件加载：57]
[ info ] [ LANG ] C:\xampp\htdocs\think5\thinkphp\lang\zh-cn.php
[ info ] [ ROUTE ] array (
  'type' => 'module',
  'module' => 
  array (
    0 => 'admin',
    1 => 'adminhotai',
    2 => 'user',
  ),
)
[ info ] [ HEADER ] array (
  'host' => 'localhost',
  'connection' => 'keep-alive',
  'upgrade-insecure-requests' => '1',
  'user-agent' => 'Mozilla/5.0 (Windows NT 6.1; WOW64) AppleWebKit/537.36 (KHTML, like Gecko) Chrome/67.0.3377.1 Safari/537.36',
  'accept' => 'text/html,application/xhtml+xml,application/xml;q=0.9,image/webp,image/apng,*/*;q=0.8',
  'referer' => 'http://localhost/think5/public/admin/adminhotai/article.html',
  'accept-encoding' => 'gzip, deflate, br',
  'accept-language' => 'zh-CN,zh;q=0.9',
  'cookie' => 'PHPSESSID=igkjp9h4mmg1qcatrf3gv77hho',
)
[ info ] [ PARAM ] array (
)
[ info ] [ SESSION ] INIT array (
  'id' => '',
  'var_session_id' => '',
  'prefix' => 'think',
  'type' => '',
  'auto_start' => true,
)
[ info ] [ RUN ] app\admin\controller\AdminhotaiController->user[ C:\xampp\htdocs\think5\application\admin\controller\AdminhotaiController.php ]
[ info ] [ DB ] INIT mysql
[ info ] [ VIEW ] C:\xampp\htdocs\think5\public/../application/admin\view\adminhotai\user.html [ array (
  0 => 'user',
  1 => 'admin',
  2 => 'author',
) ]
[ info ] [ LOG ] INIT File
[ sql ] [ DB ] CONNECT:[ UseTime:0.011001s ] mysql:host=127.0.0.1;dbname=mysql;charset=utf8
[ sql ] [ SQL ] SHOW COLUMNS FROM `admin` [ RunTime:0.002000s ]
[ sql ] [ SQL ] SELECT * FROM `admin` WHERE  `id` = 1 LIMIT 1 [ RunTime:0.000000s ]
[ sql ] [ SQL ] SHOW COLUMNS FROM `author` [ RunTime:0.003001s ]
[ sql ] [ SQL ] SELECT COUNT(*) AS tp_count FROM `author` LIMIT 1 [ RunTime:0.000000s ]
[ sql ] [ SQL ] SELECT * FROM `author` ORDER BY `id`  LIMIT 0,20 [ RunTime:0.001000s ]
---------------------------------------------------------------
[ 2018-06-28T11:46:20+08:00 ] 0.0.0.0 GET /think5/public/admin/adminhotai/assets/img/user04.png
[ info ] localhost/think5/public/admin/adminhotai/assets/img/user04.png [运行时间：0.035002s][吞吐率：28.57req/s] [内存消耗：1,800.88kb] [文件加载：47]
[ info ] [ LANG ] C:\xampp\htdocs\think5\thinkphp\lang\zh-cn.php
[ info ] [ ROUTE ] array (
  'type' => 'module',
  'module' => 
  array (
    0 => 'admin',
    1 => 'adminhotai',
    2 => 'assets',
  ),
)
[ info ] [ HEADER ] array (
  'host' => 'localhost',
  'connection' => 'keep-alive',
  'user-agent' => 'Mozilla/5.0 (Windows NT 6.1; WOW64) AppleWebKit/537.36 (KHTML, like Gecko) Chrome/67.0.3377.1 Safari/537.36',
  'accept' => 'image/webp,image/apng,image/*,*/*;q=0.8',
  'referer' => 'http://localhost/think5/public/admin/adminhotai/user.html',
  'accept-encoding' => 'gzip, deflate, br',
  'accept-language' => 'zh-CN,zh;q=0.9',
  'cookie' => 'PHPSESSID=igkjp9h4mmg1qcatrf3gv77hho',
)
[ info ] [ PARAM ] array (
  'img' => 'user04.png',
)
[ info ] [ SESSION ] INIT array (
  'id' => '',
  'var_session_id' => '',
  'prefix' => 'think',
  'type' => '',
  'auto_start' => true,
)
[ info ] [ LOG ] INIT File
---------------------------------------------------------------
[ 2018-06-28T11:46:27+08:00 ] 0.0.0.0 GET /think5/public/admin/adminhotai/edit/id/1.html
[ info ] localhost/think5/public/admin/adminhotai/edit/id/1.html [运行时间：0.081005s][吞吐率：12.34req/s] [内存消耗：2,646.05kb] [文件加载：58]
[ info ] [ LANG ] C:\xampp\htdocs\think5\thinkphp\lang\zh-cn.php
[ info ] [ ROUTE ] array (
  'type' => 'module',
  'module' => 
  array (
    0 => 'admin',
    1 => 'adminhotai',
    2 => 'edit',
  ),
)
[ info ] [ HEADER ] array (
  'host' => 'localhost',
  'connection' => 'keep-alive',
  'upgrade-insecure-requests' => '1',
  'user-agent' => 'Mozilla/5.0 (Windows NT 6.1; WOW64) AppleWebKit/537.36 (KHTML, like Gecko) Chrome/67.0.3377.1 Safari/537.36',
  'accept' => 'text/html,application/xhtml+xml,application/xml;q=0.9,image/webp,image/apng,*/*;q=0.8',
  'referer' => 'http://localhost/think5/public/admin/adminhotai/user.html',
  'accept-encoding' => 'gzip, deflate, br',
  'accept-language' => 'zh-CN,zh;q=0.9',
  'cookie' => 'PHPSESSID=igkjp9h4mmg1qcatrf3gv77hho',
)
[ info ] [ PARAM ] array (
  'id' => '1',
)
[ info ] [ SESSION ] INIT array (
  'id' => '',
  'var_session_id' => '',
  'prefix' => 'think',
  'type' => '',
  'auto_start' => true,
)
[ info ] [ RUN ] app\admin\controller\AdminhotaiController->edit[ C:\xampp\htdocs\think5\application\admin\controller\AdminhotaiController.php ]
[ info ] [ DB ] INIT mysql
[ info ] [ VIEW ] C:\xampp\htdocs\think5\public/../application/admin\view\adminhotai\edit.html [ array (
  0 => 'user',
  1 => 'author',
) ]
[ info ] [ LOG ] INIT File
[ sql ] [ DB ] CONNECT:[ UseTime:0.011000s ] mysql:host=127.0.0.1;dbname=mysql;charset=utf8
[ sql ] [ SQL ] SHOW COLUMNS FROM `author` [ RunTime:0.003000s ]
[ sql ] [ SQL ] SELECT * FROM `author` WHERE  `id` = 1 LIMIT 1 [ RunTime:0.000000s ]
[ error ] [8]未定义变量: admin[C:\xampp\htdocs\think5\runtime\temp\53739eb9fd10a29c10d08ac2af2d66a2.php:193]
---------------------------------------------------------------
[ 2018-06-28T11:47:13+08:00 ] 0.0.0.0 GET /think5/public/admin/adminhotai/edit/id/1.html
[ info ] localhost/think5/public/admin/adminhotai/edit/id/1.html [运行时间：0.079004s][吞吐率：12.66req/s] [内存消耗：2,645.19kb] [文件加载：54]
[ info ] [ LANG ] C:\xampp\htdocs\think5\thinkphp\lang\zh-cn.php
[ info ] [ ROUTE ] array (
  'type' => 'module',
  'module' => 
  array (
    0 => 'admin',
    1 => 'adminhotai',
    2 => 'edit',
  ),
)
[ info ] [ HEADER ] array (
  'host' => 'localhost',
  'connection' => 'keep-alive',
  'cache-control' => 'max-age=0',
  'upgrade-insecure-requests' => '1',
  'user-agent' => 'Mozilla/5.0 (Windows NT 6.1; WOW64) AppleWebKit/537.36 (KHTML, like Gecko) Chrome/67.0.3377.1 Safari/537.36',
  'accept' => 'text/html,application/xhtml+xml,application/xml;q=0.9,image/webp,image/apng,*/*;q=0.8',
  'referer' => 'http://localhost/think5/public/admin/adminhotai/user.html',
  'accept-encoding' => 'gzip, deflate, br',
  'accept-language' => 'zh-CN,zh;q=0.9',
  'cookie' => 'PHPSESSID=igkjp9h4mmg1qcatrf3gv77hho',
)
[ info ] [ PARAM ] array (
  'id' => '1',
)
[ info ] [ SESSION ] INIT array (
  'id' => '',
  'var_session_id' => '',
  'prefix' => 'think',
  'type' => '',
  'auto_start' => true,
)
[ info ] [ RUN ] app\admin\controller\AdminhotaiController->edit[ C:\xampp\htdocs\think5\application\admin\controller\AdminhotaiController.php ]
[ info ] [ DB ] INIT mysql
[ info ] [ VIEW ] C:\xampp\htdocs\think5\public/../application/admin\view\adminhotai\edit.html [ array (
  0 => 'user',
  1 => 'admin',
  2 => 'author',
) ]
[ info ] [ LOG ] INIT File
[ sql ] [ DB ] CONNECT:[ UseTime:0.010001s ] mysql:host=127.0.0.1;dbname=mysql;charset=utf8
[ sql ] [ SQL ] SHOW COLUMNS FROM `admin` [ RunTime:0.002000s ]
[ sql ] [ SQL ] SELECT * FROM `admin` WHERE  `id` = 1 LIMIT 1 [ RunTime:0.000000s ]
[ sql ] [ SQL ] SHOW COLUMNS FROM `author` [ RunTime:0.002000s ]
[ sql ] [ SQL ] SELECT * FROM `author` WHERE  `id` = 1 LIMIT 1 [ RunTime:0.000000s ]
---------------------------------------------------------------
[ 2018-06-28T11:47:13+08:00 ] 0.0.0.0 GET /think5/public/admin/adminhotai/edit/id/assets/img/user04.png
[ info ] localhost/think5/public/admin/adminhotai/edit/id/assets/img/user04.png [运行时间：0.058003s][吞吐率：17.24req/s] [内存消耗：2,551.02kb] [文件加载：53]
[ info ] [ LANG ] C:\xampp\htdocs\think5\thinkphp\lang\zh-cn.php
[ info ] [ ROUTE ] array (
  'type' => 'module',
  'module' => 
  array (
    0 => 'admin',
    1 => 'adminhotai',
    2 => 'edit',
  ),
)
[ info ] [ HEADER ] array (
  'host' => 'localhost',
  'connection' => 'keep-alive',
  'user-agent' => 'Mozilla/5.0 (Windows NT 6.1; WOW64) AppleWebKit/537.36 (KHTML, like Gecko) Chrome/67.0.3377.1 Safari/537.36',
  'accept' => 'image/webp,image/apng,image/*,*/*;q=0.8',
  'referer' => 'http://localhost/think5/public/admin/adminhotai/edit/id/1.html',
  'accept-encoding' => 'gzip, deflate, br',
  'accept-language' => 'zh-CN,zh;q=0.9',
  'cookie' => 'PHPSESSID=igkjp9h4mmg1qcatrf3gv77hho',
)
[ info ] [ PARAM ] array (
  'id' => 'assets',
  'img' => 'user04.png',
)
[ info ] [ SESSION ] INIT array (
  'id' => '',
  'var_session_id' => '',
  'prefix' => 'think',
  'type' => '',
  'auto_start' => true,
)
[ info ] [ RUN ] app\admin\controller\AdminhotaiController->edit[ C:\xampp\htdocs\think5\application\admin\controller\AdminhotaiController.php ]
[ info ] [ DB ] INIT mysql
[ info ] [ VIEW ] C:\xampp\htdocs\think5\thinkphp\tpl\dispatch_jump.tpl [ array (
  0 => 'user',
  1 => 'admin',
  2 => 'code',
  3 => 'msg',
  4 => 'data',
  5 => 'url',
  6 => 'wait',
) ]
[ info ] [ LOG ] INIT File
[ sql ] [ DB ] CONNECT:[ UseTime:0.010001s ] mysql:host=127.0.0.1;dbname=mysql;charset=utf8
[ sql ] [ SQL ] SHOW COLUMNS FROM `admin` [ RunTime:0.003000s ]
[ sql ] [ SQL ] SELECT * FROM `admin` WHERE  `id` = 1 LIMIT 1 [ RunTime:0.001000s ]
---------------------------------------------------------------
[ 2018-06-28T11:47:29+08:00 ] 0.0.0.0 POST /think5/public/admin/adminhotai/update.html
[ info ] localhost/think5/public/admin/adminhotai/update.html [运行时间：0.051003s][吞吐率：19.61req/s] [内存消耗：2,579.52kb] [文件加载：56]
[ info ] [ LANG ] C:\xampp\htdocs\think5\thinkphp\lang\zh-cn.php
[ info ] [ ROUTE ] array (
  'type' => 'module',
  'module' => 
  array (
    0 => 'admin',
    1 => 'adminhotai',
    2 => 'update',
  ),
)
[ info ] [ HEADER ] array (
  'host' => 'localhost',
  'connection' => 'keep-alive',
  'content-length' => '68',
  'cache-control' => 'max-age=0',
  'origin' => 'http://localhost',
  'upgrade-insecure-requests' => '1',
  'content-type' => 'application/x-www-form-urlencoded',
  'user-agent' => 'Mozilla/5.0 (Windows NT 6.1; WOW64) AppleWebKit/537.36 (KHTML, like Gecko) Chrome/67.0.3377.1 Safari/537.36',
  'accept' => 'text/html,application/xhtml+xml,application/xml;q=0.9,image/webp,image/apng,*/*;q=0.8',
  'referer' => 'http://localhost/think5/public/admin/adminhotai/edit/id/1.html',
  'accept-encoding' => 'gzip, deflate, br',
  'accept-language' => 'zh-CN,zh;q=0.9',
  'cookie' => 'PHPSESSID=igkjp9h4mmg1qcatrf3gv77hho',
)
[ info ] [ PARAM ] array (
  'username' => 'qianru',
  'realname' => 'xiaoxiao',
  'tel' => '13160566953',
  'email' => '123@qq.com',
)
[ info ] [ SESSION ] INIT array (
  'id' => '',
  'var_session_id' => '',
  'prefix' => 'think',
  'type' => '',
  'auto_start' => true,
)
[ info ] [ RUN ] app\admin\controller\AdminhotaiController->update[ C:\xampp\htdocs\think5\application\admin\controller\AdminhotaiController.php ]
[ info ] [ DB ] INIT mysql
[ info ] [ LOG ] INIT File
[ sql ] [ DB ] CONNECT:[ UseTime:0.000000s ] mysql:host=127.0.0.1;dbname=mysql;charset=utf8
[ sql ] [ SQL ] SHOW COLUMNS FROM `admin` [ RunTime:0.003000s ]
[ sql ] [ SQL ] SELECT * FROM `admin` WHERE  `id` = 1 [ RunTime:0.001000s ]
[ error ] [8]未定义数组索引: password[C:\xampp\htdocs\think5\application\admin\controller\AdminhotaiController.php:160]
---------------------------------------------------------------
[ 2018-06-28T11:47:34+08:00 ] 0.0.0.0 GET /think5/public/admin/adminhotai/edit/id/1.html
[ info ] localhost/think5/public/admin/adminhotai/edit/id/1.html [运行时间：0.095006s][吞吐率：10.53req/s] [内存消耗：2,644.98kb] [文件加载：54]
[ info ] [ LANG ] C:\xampp\htdocs\think5\thinkphp\lang\zh-cn.php
[ info ] [ ROUTE ] array (
  'type' => 'module',
  'module' => 
  array (
    0 => 'admin',
    1 => 'adminhotai',
    2 => 'edit',
  ),
)
[ info ] [ HEADER ] array (
  'host' => 'localhost',
  'connection' => 'keep-alive',
  'upgrade-insecure-requests' => '1',
  'user-agent' => 'Mozilla/5.0 (Windows NT 6.1; WOW64) AppleWebKit/537.36 (KHTML, like Gecko) Chrome/67.0.3377.1 Safari/537.36',
  'accept' => 'text/html,application/xhtml+xml,application/xml;q=0.9,image/webp,image/apng,*/*;q=0.8',
  'referer' => 'http://localhost/think5/public/admin/adminhotai/user.html',
  'accept-encoding' => 'gzip, deflate, br',
  'accept-language' => 'zh-CN,zh;q=0.9',
  'cookie' => 'PHPSESSID=igkjp9h4mmg1qcatrf3gv77hho',
)
[ info ] [ PARAM ] array (
  'id' => '1',
)
[ info ] [ SESSION ] INIT array (
  'id' => '',
  'var_session_id' => '',
  'prefix' => 'think',
  'type' => '',
  'auto_start' => true,
)
[ info ] [ RUN ] app\admin\controller\AdminhotaiController->edit[ C:\xampp\htdocs\think5\application\admin\controller\AdminhotaiController.php ]
[ info ] [ DB ] INIT mysql
[ info ] [ VIEW ] C:\xampp\htdocs\think5\public/../application/admin\view\adminhotai\edit.html [ array (
  0 => 'user',
  1 => 'admin',
  2 => 'author',
) ]
[ info ] [ LOG ] INIT File
[ sql ] [ DB ] CONNECT:[ UseTime:0.010001s ] mysql:host=127.0.0.1;dbname=mysql;charset=utf8
[ sql ] [ SQL ] SHOW COLUMNS FROM `admin` [ RunTime:0.003000s ]
[ sql ] [ SQL ] SELECT * FROM `admin` WHERE  `id` = 1 LIMIT 1 [ RunTime:0.001000s ]
[ sql ] [ SQL ] SHOW COLUMNS FROM `author` [ RunTime:0.003000s ]
[ sql ] [ SQL ] SELECT * FROM `author` WHERE  `id` = 1 LIMIT 1 [ RunTime:0.001001s ]
---------------------------------------------------------------
[ 2018-06-28T11:47:35+08:00 ] 0.0.0.0 GET /think5/public/admin/adminhotai/edit/id/assets/img/user04.png
[ info ] localhost/think5/public/admin/adminhotai/edit/id/assets/img/user04.png [运行时间：0.052003s][吞吐率：19.23req/s] [内存消耗：2,551.02kb] [文件加载：53]
[ info ] [ LANG ] C:\xampp\htdocs\think5\thinkphp\lang\zh-cn.php
[ info ] [ ROUTE ] array (
  'type' => 'module',
  'module' => 
  array (
    0 => 'admin',
    1 => 'adminhotai',
    2 => 'edit',
  ),
)
[ info ] [ HEADER ] array (
  'host' => 'localhost',
  'connection' => 'keep-alive',
  'user-agent' => 'Mozilla/5.0 (Windows NT 6.1; WOW64) AppleWebKit/537.36 (KHTML, like Gecko) Chrome/67.0.3377.1 Safari/537.36',
  'accept' => 'image/webp,image/apng,image/*,*/*;q=0.8',
  'referer' => 'http://localhost/think5/public/admin/adminhotai/edit/id/1.html',
  'accept-encoding' => 'gzip, deflate, br',
  'accept-language' => 'zh-CN,zh;q=0.9',
  'cookie' => 'PHPSESSID=igkjp9h4mmg1qcatrf3gv77hho',
)
[ info ] [ PARAM ] array (
  'id' => 'assets',
  'img' => 'user04.png',
)
[ info ] [ SESSION ] INIT array (
  'id' => '',
  'var_session_id' => '',
  'prefix' => 'think',
  'type' => '',
  'auto_start' => true,
)
[ info ] [ RUN ] app\admin\controller\AdminhotaiController->edit[ C:\xampp\htdocs\think5\application\admin\controller\AdminhotaiController.php ]
[ info ] [ DB ] INIT mysql
[ info ] [ VIEW ] C:\xampp\htdocs\think5\thinkphp\tpl\dispatch_jump.tpl [ array (
  0 => 'user',
  1 => 'admin',
  2 => 'code',
  3 => 'msg',
  4 => 'data',
  5 => 'url',
  6 => 'wait',
) ]
[ info ] [ LOG ] INIT File
[ sql ] [ DB ] CONNECT:[ UseTime:0.001000s ] mysql:host=127.0.0.1;dbname=mysql;charset=utf8
[ sql ] [ SQL ] SHOW COLUMNS FROM `admin` [ RunTime:0.003000s ]
[ sql ] [ SQL ] SELECT * FROM `admin` WHERE  `id` = 1 LIMIT 1 [ RunTime:0.001000s ]
---------------------------------------------------------------
[ 2018-06-28T11:52:33+08:00 ] 0.0.0.0 GET /think5/public/admin/adminhotai/edit/id/1.html
[ info ] localhost/think5/public/admin/adminhotai/edit/id/1.html [运行时间：0.099006s][吞吐率：10.10req/s] [内存消耗：2,821.91kb] [文件加载：56]
[ info ] [ LANG ] C:\xampp\htdocs\think5\thinkphp\lang\zh-cn.php
[ info ] [ ROUTE ] array (
  'type' => 'module',
  'module' => 
  array (
    0 => 'admin',
    1 => 'adminhotai',
    2 => 'edit',
  ),
)
[ info ] [ HEADER ] array (
  'host' => 'localhost',
  'connection' => 'keep-alive',
  'cache-control' => 'max-age=0',
  'upgrade-insecure-requests' => '1',
  'user-agent' => 'Mozilla/5.0 (Windows NT 6.1; WOW64) AppleWebKit/537.36 (KHTML, like Gecko) Chrome/67.0.3377.1 Safari/537.36',
  'accept' => 'text/html,application/xhtml+xml,application/xml;q=0.9,image/webp,image/apng,*/*;q=0.8',
  'referer' => 'http://localhost/think5/public/admin/adminhotai/user.html',
  'accept-encoding' => 'gzip, deflate, br',
  'accept-language' => 'zh-CN,zh;q=0.9',
  'cookie' => 'PHPSESSID=igkjp9h4mmg1qcatrf3gv77hho',
)
[ info ] [ PARAM ] array (
  'id' => '1',
)
[ info ] [ SESSION ] INIT array (
  'id' => '',
  'var_session_id' => '',
  'prefix' => 'think',
  'type' => '',
  'auto_start' => true,
)
[ info ] [ RUN ] app\admin\controller\AdminhotaiController->edit[ C:\xampp\htdocs\think5\application\admin\controller\AdminhotaiController.php ]
[ info ] [ DB ] INIT mysql
[ info ] [ VIEW ] C:\xampp\htdocs\think5\public/../application/admin\view\adminhotai\edit.html [ array (
  0 => 'user',
  1 => 'admin',
  2 => 'author',
) ]
[ info ] [ LOG ] INIT File
[ sql ] [ DB ] CONNECT:[ UseTime:0.010001s ] mysql:host=127.0.0.1;dbname=mysql;charset=utf8
[ sql ] [ SQL ] SHOW COLUMNS FROM `admin` [ RunTime:0.003000s ]
[ sql ] [ SQL ] SELECT * FROM `admin` WHERE  `id` = 1 LIMIT 1 [ RunTime:0.001000s ]
[ sql ] [ SQL ] SHOW COLUMNS FROM `author` [ RunTime:0.003000s ]
[ sql ] [ SQL ] SELECT * FROM `author` WHERE  `id` = 1 LIMIT 1 [ RunTime:0.001000s ]
---------------------------------------------------------------
[ 2018-06-28T11:52:33+08:00 ] 0.0.0.0 GET /think5/public/admin/adminhotai/edit/id/assets/img/user04.png
[ info ] localhost/think5/public/admin/adminhotai/edit/id/assets/img/user04.png [运行时间：0.048003s][吞吐率：20.83req/s] [内存消耗：2,559.89kb] [文件加载：53]
[ info ] [ LANG ] C:\xampp\htdocs\think5\thinkphp\lang\zh-cn.php
[ info ] [ ROUTE ] array (
  'type' => 'module',
  'module' => 
  array (
    0 => 'admin',
    1 => 'adminhotai',
    2 => 'edit',
  ),
)
[ info ] [ HEADER ] array (
  'host' => 'localhost',
  'connection' => 'keep-alive',
  'user-agent' => 'Mozilla/5.0 (Windows NT 6.1; WOW64) AppleWebKit/537.36 (KHTML, like Gecko) Chrome/67.0.3377.1 Safari/537.36',
  'accept' => 'image/webp,image/apng,image/*,*/*;q=0.8',
  'referer' => 'http://localhost/think5/public/admin/adminhotai/edit/id/1.html',
  'accept-encoding' => 'gzip, deflate, br',
  'accept-language' => 'zh-CN,zh;q=0.9',
  'cookie' => 'PHPSESSID=igkjp9h4mmg1qcatrf3gv77hho',
)
[ info ] [ PARAM ] array (
  'id' => 'assets',
  'img' => 'user04.png',
)
[ info ] [ SESSION ] INIT array (
  'id' => '',
  'var_session_id' => '',
  'prefix' => 'think',
  'type' => '',
  'auto_start' => true,
)
[ info ] [ RUN ] app\admin\controller\AdminhotaiController->edit[ C:\xampp\htdocs\think5\application\admin\controller\AdminhotaiController.php ]
[ info ] [ DB ] INIT mysql
[ info ] [ VIEW ] C:\xampp\htdocs\think5\thinkphp\tpl\dispatch_jump.tpl [ array (
  0 => 'user',
  1 => 'admin',
  2 => 'code',
  3 => 'msg',
  4 => 'data',
  5 => 'url',
  6 => 'wait',
) ]
[ info ] [ LOG ] INIT File
[ sql ] [ DB ] CONNECT:[ UseTime:0.002000s ] mysql:host=127.0.0.1;dbname=mysql;charset=utf8
[ sql ] [ SQL ] SHOW COLUMNS FROM `admin` [ RunTime:0.003000s ]
[ sql ] [ SQL ] SELECT * FROM `admin` WHERE  `id` = 1 LIMIT 1 [ RunTime:0.001000s ]
---------------------------------------------------------------
[ 2018-06-28T11:52:34+08:00 ] 0.0.0.0 GET /think5/public/admin/adminhotai/edit/id/1.html
[ info ] localhost/think5/public/admin/adminhotai/edit/id/1.html [运行时间：0.096006s][吞吐率：10.42req/s] [内存消耗：2,654.05kb] [文件加载：54]
[ info ] [ LANG ] C:\xampp\htdocs\think5\thinkphp\lang\zh-cn.php
[ info ] [ ROUTE ] array (
  'type' => 'module',
  'module' => 
  array (
    0 => 'admin',
    1 => 'adminhotai',
    2 => 'edit',
  ),
)
[ info ] [ HEADER ] array (
  'host' => 'localhost',
  'connection' => 'keep-alive',
  'cache-control' => 'max-age=0',
  'upgrade-insecure-requests' => '1',
  'user-agent' => 'Mozilla/5.0 (Windows NT 6.1; WOW64) AppleWebKit/537.36 (KHTML, like Gecko) Chrome/67.0.3377.1 Safari/537.36',
  'accept' => 'text/html,application/xhtml+xml,application/xml;q=0.9,image/webp,image/apng,*/*;q=0.8',
  'referer' => 'http://localhost/think5/public/admin/adminhotai/user.html',
  'accept-encoding' => 'gzip, deflate, br',
  'accept-language' => 'zh-CN,zh;q=0.9',
  'cookie' => 'PHPSESSID=igkjp9h4mmg1qcatrf3gv77hho',
)
[ info ] [ PARAM ] array (
  'id' => '1',
)
[ info ] [ SESSION ] INIT array (
  'id' => '',
  'var_session_id' => '',
  'prefix' => 'think',
  'type' => '',
  'auto_start' => true,
)
[ info ] [ RUN ] app\admin\controller\AdminhotaiController->edit[ C:\xampp\htdocs\think5\application\admin\controller\AdminhotaiController.php ]
[ info ] [ DB ] INIT mysql
[ info ] [ VIEW ] C:\xampp\htdocs\think5\public/../application/admin\view\adminhotai\edit.html [ array (
  0 => 'user',
  1 => 'admin',
  2 => 'author',
) ]
[ info ] [ LOG ] INIT File
[ sql ] [ DB ] CONNECT:[ UseTime:0.010001s ] mysql:host=127.0.0.1;dbname=mysql;charset=utf8
[ sql ] [ SQL ] SHOW COLUMNS FROM `admin` [ RunTime:0.005000s ]
[ sql ] [ SQL ] SELECT * FROM `admin` WHERE  `id` = 1 LIMIT 1 [ RunTime:0.001000s ]
[ sql ] [ SQL ] SHOW COLUMNS FROM `author` [ RunTime:0.005000s ]
[ sql ] [ SQL ] SELECT * FROM `author` WHERE  `id` = 1 LIMIT 1 [ RunTime:0.001001s ]
---------------------------------------------------------------
[ 2018-06-28T11:52:34+08:00 ] 0.0.0.0 GET /think5/public/admin/adminhotai/edit/id/assets/img/user04.png
[ info ] localhost/think5/public/admin/adminhotai/edit/id/assets/img/user04.png [运行时间：0.056003s][吞吐率：17.86req/s] [内存消耗：2,559.89kb] [文件加载：53]
[ info ] [ LANG ] C:\xampp\htdocs\think5\thinkphp\lang\zh-cn.php
[ info ] [ ROUTE ] array (
  'type' => 'module',
  'module' => 
  array (
    0 => 'admin',
    1 => 'adminhotai',
    2 => 'edit',
  ),
)
[ info ] [ HEADER ] array (
  'host' => 'localhost',
  'connection' => 'keep-alive',
  'user-agent' => 'Mozilla/5.0 (Windows NT 6.1; WOW64) AppleWebKit/537.36 (KHTML, like Gecko) Chrome/67.0.3377.1 Safari/537.36',
  'accept' => 'image/webp,image/apng,image/*,*/*;q=0.8',
  'referer' => 'http://localhost/think5/public/admin/adminhotai/edit/id/1.html',
  'accept-encoding' => 'gzip, deflate, br',
  'accept-language' => 'zh-CN,zh;q=0.9',
  'cookie' => 'PHPSESSID=igkjp9h4mmg1qcatrf3gv77hho',
)
[ info ] [ PARAM ] array (
  'id' => 'assets',
  'img' => 'user04.png',
)
[ info ] [ SESSION ] INIT array (
  'id' => '',
  'var_session_id' => '',
  'prefix' => 'think',
  'type' => '',
  'auto_start' => true,
)
[ info ] [ RUN ] app\admin\controller\AdminhotaiController->edit[ C:\xampp\htdocs\think5\application\admin\controller\AdminhotaiController.php ]
[ info ] [ DB ] INIT mysql
[ info ] [ VIEW ] C:\xampp\htdocs\think5\thinkphp\tpl\dispatch_jump.tpl [ array (
  0 => 'user',
  1 => 'admin',
  2 => 'code',
  3 => 'msg',
  4 => 'data',
  5 => 'url',
  6 => 'wait',
) ]
[ info ] [ LOG ] INIT File
[ sql ] [ DB ] CONNECT:[ UseTime:0.010001s ] mysql:host=127.0.0.1;dbname=mysql;charset=utf8
[ sql ] [ SQL ] SHOW COLUMNS FROM `admin` [ RunTime:0.001000s ]
[ sql ] [ SQL ] SELECT * FROM `admin` WHERE  `id` = 1 LIMIT 1 [ RunTime:0.001000s ]
---------------------------------------------------------------
[ 2018-06-28T11:52:54+08:00 ] 0.0.0.0 GET /think5/public/admin/adminhotai/edit/id/1.html
[ info ] localhost/think5/public/admin/adminhotai/edit/id/1.html [运行时间：0.064003s][吞吐率：15.62req/s] [内存消耗：2,821.91kb] [文件加载：56]
[ info ] [ LANG ] C:\xampp\htdocs\think5\thinkphp\lang\zh-cn.php
[ info ] [ ROUTE ] array (
  'type' => 'module',
  'module' => 
  array (
    0 => 'admin',
    1 => 'adminhotai',
    2 => 'edit',
  ),
)
[ info ] [ HEADER ] array (
  'host' => 'localhost',
  'connection' => 'keep-alive',
  'cache-control' => 'max-age=0',
  'upgrade-insecure-requests' => '1',
  'user-agent' => 'Mozilla/5.0 (Windows NT 6.1; WOW64) AppleWebKit/537.36 (KHTML, like Gecko) Chrome/67.0.3377.1 Safari/537.36',
  'accept' => 'text/html,application/xhtml+xml,application/xml;q=0.9,image/webp,image/apng,*/*;q=0.8',
  'referer' => 'http://localhost/think5/public/admin/adminhotai/user.html',
  'accept-encoding' => 'gzip, deflate, br',
  'accept-language' => 'zh-CN,zh;q=0.9',
  'cookie' => 'PHPSESSID=igkjp9h4mmg1qcatrf3gv77hho',
)
[ info ] [ PARAM ] array (
  'id' => '1',
)
[ info ] [ SESSION ] INIT array (
  'id' => '',
  'var_session_id' => '',
  'prefix' => 'think',
  'type' => '',
  'auto_start' => true,
)
[ info ] [ RUN ] app\admin\controller\AdminhotaiController->edit[ C:\xampp\htdocs\think5\application\admin\controller\AdminhotaiController.php ]
[ info ] [ DB ] INIT mysql
[ info ] [ VIEW ] C:\xampp\htdocs\think5\public/../application/admin\view\adminhotai\edit.html [ array (
  0 => 'user',
  1 => 'admin',
  2 => 'author',
) ]
[ info ] [ LOG ] INIT File
[ sql ] [ DB ] CONNECT:[ UseTime:0.011001s ] mysql:host=127.0.0.1;dbname=mysql;charset=utf8
[ sql ] [ SQL ] SHOW COLUMNS FROM `admin` [ RunTime:0.001000s ]
[ sql ] [ SQL ] SELECT * FROM `admin` WHERE  `id` = 1 LIMIT 1 [ RunTime:0.000000s ]
[ sql ] [ SQL ] SHOW COLUMNS FROM `author` [ RunTime:0.001000s ]
[ sql ] [ SQL ] SELECT * FROM `author` WHERE  `id` = 1 LIMIT 1 [ RunTime:0.001000s ]
---------------------------------------------------------------
[ 2018-06-28T11:52:54+08:00 ] 0.0.0.0 GET /think5/public/admin/adminhotai/edit/id/assets/img/user04.png
[ info ] localhost/think5/public/admin/adminhotai/edit/id/assets/img/user04.png [运行时间：0.053003s][吞吐率：18.87req/s] [内存消耗：2,559.89kb] [文件加载：53]
[ info ] [ LANG ] C:\xampp\htdocs\think5\thinkphp\lang\zh-cn.php
[ info ] [ ROUTE ] array (
  'type' => 'module',
  'module' => 
  array (
    0 => 'admin',
    1 => 'adminhotai',
    2 => 'edit',
  ),
)
[ info ] [ HEADER ] array (
  'host' => 'localhost',
  'connection' => 'keep-alive',
  'user-agent' => 'Mozilla/5.0 (Windows NT 6.1; WOW64) AppleWebKit/537.36 (KHTML, like Gecko) Chrome/67.0.3377.1 Safari/537.36',
  'accept' => 'image/webp,image/apng,image/*,*/*;q=0.8',
  'referer' => 'http://localhost/think5/public/admin/adminhotai/edit/id/1.html',
  'accept-encoding' => 'gzip, deflate, br',
  'accept-language' => 'zh-CN,zh;q=0.9',
  'cookie' => 'PHPSESSID=igkjp9h4mmg1qcatrf3gv77hho',
)
[ info ] [ PARAM ] array (
  'id' => 'assets',
  'img' => 'user04.png',
)
[ info ] [ SESSION ] INIT array (
  'id' => '',
  'var_session_id' => '',
  'prefix' => 'think',
  'type' => '',
  'auto_start' => true,
)
[ info ] [ RUN ] app\admin\controller\AdminhotaiController->edit[ C:\xampp\htdocs\think5\application\admin\controller\AdminhotaiController.php ]
[ info ] [ DB ] INIT mysql
[ info ] [ VIEW ] C:\xampp\htdocs\think5\thinkphp\tpl\dispatch_jump.tpl [ array (
  0 => 'user',
  1 => 'admin',
  2 => 'code',
  3 => 'msg',
  4 => 'data',
  5 => 'url',
  6 => 'wait',
) ]
[ info ] [ LOG ] INIT File
[ sql ] [ DB ] CONNECT:[ UseTime:0.001000s ] mysql:host=127.0.0.1;dbname=mysql;charset=utf8
[ sql ] [ SQL ] SHOW COLUMNS FROM `admin` [ RunTime:0.001000s ]
[ sql ] [ SQL ] SELECT * FROM `admin` WHERE  `id` = 1 LIMIT 1 [ RunTime:0.000000s ]
---------------------------------------------------------------
[ 2018-06-28T11:52:55+08:00 ] 0.0.0.0 GET /think5/public/admin/adminhotai/edit/id/1.html
[ info ] localhost/think5/public/admin/adminhotai/edit/id/1.html [运行时间：0.067004s][吞吐率：14.92req/s] [内存消耗：2,654.05kb] [文件加载：54]
[ info ] [ LANG ] C:\xampp\htdocs\think5\thinkphp\lang\zh-cn.php
[ info ] [ ROUTE ] array (
  'type' => 'module',
  'module' => 
  array (
    0 => 'admin',
    1 => 'adminhotai',
    2 => 'edit',
  ),
)
[ info ] [ HEADER ] array (
  'host' => 'localhost',
  'connection' => 'keep-alive',
  'cache-control' => 'max-age=0',
  'upgrade-insecure-requests' => '1',
  'user-agent' => 'Mozilla/5.0 (Windows NT 6.1; WOW64) AppleWebKit/537.36 (KHTML, like Gecko) Chrome/67.0.3377.1 Safari/537.36',
  'accept' => 'text/html,application/xhtml+xml,application/xml;q=0.9,image/webp,image/apng,*/*;q=0.8',
  'referer' => 'http://localhost/think5/public/admin/adminhotai/user.html',
  'accept-encoding' => 'gzip, deflate, br',
  'accept-language' => 'zh-CN,zh;q=0.9',
  'cookie' => 'PHPSESSID=igkjp9h4mmg1qcatrf3gv77hho',
)
[ info ] [ PARAM ] array (
  'id' => '1',
)
[ info ] [ SESSION ] INIT array (
  'id' => '',
  'var_session_id' => '',
  'prefix' => 'think',
  'type' => '',
  'auto_start' => true,
)
[ info ] [ RUN ] app\admin\controller\AdminhotaiController->edit[ C:\xampp\htdocs\think5\application\admin\controller\AdminhotaiController.php ]
[ info ] [ DB ] INIT mysql
[ info ] [ VIEW ] C:\xampp\htdocs\think5\public/../application/admin\view\adminhotai\edit.html [ array (
  0 => 'user',
  1 => 'admin',
  2 => 'author',
) ]
[ info ] [ LOG ] INIT File
[ sql ] [ DB ] CONNECT:[ UseTime:0.001000s ] mysql:host=127.0.0.1;dbname=mysql;charset=utf8
[ sql ] [ SQL ] SHOW COLUMNS FROM `admin` [ RunTime:0.002000s ]
[ sql ] [ SQL ] SELECT * FROM `admin` WHERE  `id` = 1 LIMIT 1 [ RunTime:0.000000s ]
[ sql ] [ SQL ] SHOW COLUMNS FROM `author` [ RunTime:0.001000s ]
[ sql ] [ SQL ] SELECT * FROM `author` WHERE  `id` = 1 LIMIT 1 [ RunTime:0.000000s ]
---------------------------------------------------------------
[ 2018-06-28T11:52:55+08:00 ] 0.0.0.0 GET /think5/public/admin/adminhotai/edit/id/assets/img/user04.png
[ info ] localhost/think5/public/admin/adminhotai/edit/id/assets/img/user04.png [运行时间：0.046003s][吞吐率：21.74req/s] [内存消耗：2,559.89kb] [文件加载：53]
[ info ] [ LANG ] C:\xampp\htdocs\think5\thinkphp\lang\zh-cn.php
[ info ] [ ROUTE ] array (
  'type' => 'module',
  'module' => 
  array (
    0 => 'admin',
    1 => 'adminhotai',
    2 => 'edit',
  ),
)
[ info ] [ HEADER ] array (
  'host' => 'localhost',
  'connection' => 'keep-alive',
  'user-agent' => 'Mozilla/5.0 (Windows NT 6.1; WOW64) AppleWebKit/537.36 (KHTML, like Gecko) Chrome/67.0.3377.1 Safari/537.36',
  'accept' => 'image/webp,image/apng,image/*,*/*;q=0.8',
  'referer' => 'http://localhost/think5/public/admin/adminhotai/edit/id/1.html',
  'accept-encoding' => 'gzip, deflate, br',
  'accept-language' => 'zh-CN,zh;q=0.9',
  'cookie' => 'PHPSESSID=igkjp9h4mmg1qcatrf3gv77hho',
)
[ info ] [ PARAM ] array (
  'id' => 'assets',
  'img' => 'user04.png',
)
[ info ] [ SESSION ] INIT array (
  'id' => '',
  'var_session_id' => '',
  'prefix' => 'think',
  'type' => '',
  'auto_start' => true,
)
[ info ] [ RUN ] app\admin\controller\AdminhotaiController->edit[ C:\xampp\htdocs\think5\application\admin\controller\AdminhotaiController.php ]
[ info ] [ DB ] INIT mysql
[ info ] [ VIEW ] C:\xampp\htdocs\think5\thinkphp\tpl\dispatch_jump.tpl [ array (
  0 => 'user',
  1 => 'admin',
  2 => 'code',
  3 => 'msg',
  4 => 'data',
  5 => 'url',
  6 => 'wait',
) ]
[ info ] [ LOG ] INIT File
[ sql ] [ DB ] CONNECT:[ UseTime:0.001000s ] mysql:host=127.0.0.1;dbname=mysql;charset=utf8
[ sql ] [ SQL ] SHOW COLUMNS FROM `admin` [ RunTime:0.000000s ]
[ sql ] [ SQL ] SELECT * FROM `admin` WHERE  `id` = 1 LIMIT 1 [ RunTime:0.000000s ]
---------------------------------------------------------------
[ 2018-06-28T11:52:57+08:00 ] 0.0.0.0 POST /think5/public/admin/adminhotai/authorupdate.html
[ info ] localhost/think5/public/admin/adminhotai/authorupdate.html [运行时间：0.083005s][吞吐率：12.05req/s] [内存消耗：2,601.86kb] [文件加载：56]
[ info ] [ LANG ] C:\xampp\htdocs\think5\thinkphp\lang\zh-cn.php
[ info ] [ ROUTE ] array (
  'type' => 'module',
  'module' => 
  array (
    0 => 'admin',
    1 => 'adminhotai',
    2 => 'authorupdate',
  ),
)
[ info ] [ HEADER ] array (
  'host' => 'localhost',
  'connection' => 'keep-alive',
  'content-length' => '104',
  'cache-control' => 'max-age=0',
  'origin' => 'http://localhost',
  'upgrade-insecure-requests' => '1',
  'content-type' => 'application/x-www-form-urlencoded',
  'user-agent' => 'Mozilla/5.0 (Windows NT 6.1; WOW64) AppleWebKit/537.36 (KHTML, like Gecko) Chrome/67.0.3377.1 Safari/537.36',
  'accept' => 'text/html,application/xhtml+xml,application/xml;q=0.9,image/webp,image/apng,*/*;q=0.8',
  'referer' => 'http://localhost/think5/public/admin/adminhotai/edit/id/1.html',
  'accept-encoding' => 'gzip, deflate, br',
  'accept-language' => 'zh-CN,zh;q=0.9',
  'cookie' => 'PHPSESSID=igkjp9h4mmg1qcatrf3gv77hho',
)
[ info ] [ PARAM ] array (
  'id' => '1',
  'username' => 'qianru',
  'realname' => 'xiaoxiao',
  'tel' => '',
  'email' => '123@qq.com',
  'password' => 'e10adc3949ba59abbe56e057f20f883e',
)
[ info ] [ SESSION ] INIT array (
  'id' => '',
  'var_session_id' => '',
  'prefix' => 'think',
  'type' => '',
  'auto_start' => true,
)
[ info ] [ RUN ] app\admin\controller\AdminhotaiController->authorUpdate[ C:\xampp\htdocs\think5\application\admin\controller\AdminhotaiController.php ]
[ info ] [ DB ] INIT mysql
[ info ] [ LOG ] INIT File
[ sql ] [ DB ] CONNECT:[ UseTime:0.010001s ] mysql:host=127.0.0.1;dbname=mysql;charset=utf8
[ sql ] [ SQL ] SHOW COLUMNS FROM `admin` [ RunTime:0.001000s ]
[ sql ] [ SQL ] SELECT * FROM `admin` WHERE  `id` = 1 LIMIT 1 [ RunTime:0.000000s ]
[ sql ] [ SQL ] SHOW COLUMNS FROM `author` [ RunTime:0.001000s ]
[ sql ] [ SQL ] SELECT * FROM `author` WHERE  `id` = 1 [ RunTime:0.001000s ]
[ error ] [8]未定义数组索引: logo[C:\xampp\htdocs\think5\application\admin\controller\AdminhotaiController.php:212]
---------------------------------------------------------------
[ 2018-06-28T11:52:59+08:00 ] 0.0.0.0 GET /think5/public/admin/adminhotai/edit/id/1.html
[ info ] localhost/think5/public/admin/adminhotai/edit/id/1.html [运行时间：0.067004s][吞吐率：14.92req/s] [内存消耗：2,653.85kb] [文件加载：54]
[ info ] [ LANG ] C:\xampp\htdocs\think5\thinkphp\lang\zh-cn.php
[ info ] [ ROUTE ] array (
  'type' => 'module',
  'module' => 
  array (
    0 => 'admin',
    1 => 'adminhotai',
    2 => 'edit',
  ),
)
[ info ] [ HEADER ] array (
  'host' => 'localhost',
  'connection' => 'keep-alive',
  'upgrade-insecure-requests' => '1',
  'user-agent' => 'Mozilla/5.0 (Windows NT 6.1; WOW64) AppleWebKit/537.36 (KHTML, like Gecko) Chrome/67.0.3377.1 Safari/537.36',
  'accept' => 'text/html,application/xhtml+xml,application/xml;q=0.9,image/webp,image/apng,*/*;q=0.8',
  'referer' => 'http://localhost/think5/public/admin/adminhotai/user.html',
  'accept-encoding' => 'gzip, deflate, br',
  'accept-language' => 'zh-CN,zh;q=0.9',
  'cookie' => 'PHPSESSID=igkjp9h4mmg1qcatrf3gv77hho',
)
[ info ] [ PARAM ] array (
  'id' => '1',
)
[ info ] [ SESSION ] INIT array (
  'id' => '',
  'var_session_id' => '',
  'prefix' => 'think',
  'type' => '',
  'auto_start' => true,
)
[ info ] [ RUN ] app\admin\controller\AdminhotaiController->edit[ C:\xampp\htdocs\think5\application\admin\controller\AdminhotaiController.php ]
[ info ] [ DB ] INIT mysql
[ info ] [ VIEW ] C:\xampp\htdocs\think5\public/../application/admin\view\adminhotai\edit.html [ array (
  0 => 'user',
  1 => 'admin',
  2 => 'author',
) ]
[ info ] [ LOG ] INIT File
[ sql ] [ DB ] CONNECT:[ UseTime:0.010001s ] mysql:host=127.0.0.1;dbname=mysql;charset=utf8
[ sql ] [ SQL ] SHOW COLUMNS FROM `admin` [ RunTime:0.001000s ]
[ sql ] [ SQL ] SELECT * FROM `admin` WHERE  `id` = 1 LIMIT 1 [ RunTime:0.000000s ]
[ sql ] [ SQL ] SHOW COLUMNS FROM `author` [ RunTime:0.001000s ]
[ sql ] [ SQL ] SELECT * FROM `author` WHERE  `id` = 1 LIMIT 1 [ RunTime:0.001000s ]
---------------------------------------------------------------
[ 2018-06-28T11:52:59+08:00 ] 0.0.0.0 GET /think5/public/admin/adminhotai/edit/id/assets/img/user04.png
[ info ] localhost/think5/public/admin/adminhotai/edit/id/assets/img/user04.png [运行时间：0.060004s][吞吐率：16.67req/s] [内存消耗：2,559.89kb] [文件加载：53]
[ info ] [ LANG ] C:\xampp\htdocs\think5\thinkphp\lang\zh-cn.php
[ info ] [ ROUTE ] array (
  'type' => 'module',
  'module' => 
  array (
    0 => 'admin',
    1 => 'adminhotai',
    2 => 'edit',
  ),
)
[ info ] [ HEADER ] array (
  'host' => 'localhost',
  'connection' => 'keep-alive',
  'user-agent' => 'Mozilla/5.0 (Windows NT 6.1; WOW64) AppleWebKit/537.36 (KHTML, like Gecko) Chrome/67.0.3377.1 Safari/537.36',
  'accept' => 'image/webp,image/apng,image/*,*/*;q=0.8',
  'referer' => 'http://localhost/think5/public/admin/adminhotai/edit/id/1.html',
  'accept-encoding' => 'gzip, deflate, br',
  'accept-language' => 'zh-CN,zh;q=0.9',
  'cookie' => 'PHPSESSID=igkjp9h4mmg1qcatrf3gv77hho',
)
[ info ] [ PARAM ] array (
  'id' => 'assets',
  'img' => 'user04.png',
)
[ info ] [ SESSION ] INIT array (
  'id' => '',
  'var_session_id' => '',
  'prefix' => 'think',
  'type' => '',
  'auto_start' => true,
)
[ info ] [ RUN ] app\admin\controller\AdminhotaiController->edit[ C:\xampp\htdocs\think5\application\admin\controller\AdminhotaiController.php ]
[ info ] [ DB ] INIT mysql
[ info ] [ VIEW ] C:\xampp\htdocs\think5\thinkphp\tpl\dispatch_jump.tpl [ array (
  0 => 'user',
  1 => 'admin',
  2 => 'code',
  3 => 'msg',
  4 => 'data',
  5 => 'url',
  6 => 'wait',
) ]
[ info ] [ LOG ] INIT File
[ sql ] [ DB ] CONNECT:[ UseTime:0.011001s ] mysql:host=127.0.0.1;dbname=mysql;charset=utf8
[ sql ] [ SQL ] SHOW COLUMNS FROM `admin` [ RunTime:0.004000s ]
[ sql ] [ SQL ] SELECT * FROM `admin` WHERE  `id` = 1 LIMIT 1 [ RunTime:0.000000s ]
---------------------------------------------------------------
[ 2018-06-28T11:53:30+08:00 ] 0.0.0.0 GET /think5/public/admin/adminhotai/edit/id/1.html
[ info ] localhost/think5/public/admin/adminhotai/edit/id/1.html [运行时间：0.086004s][吞吐率：11.63req/s] [内存消耗：2,653.96kb] [文件加载：54]
[ info ] [ LANG ] C:\xampp\htdocs\think5\thinkphp\lang\zh-cn.php
[ info ] [ ROUTE ] array (
  'type' => 'module',
  'module' => 
  array (
    0 => 'admin',
    1 => 'adminhotai',
    2 => 'edit',
  ),
)
[ info ] [ HEADER ] array (
  'host' => 'localhost',
  'connection' => 'keep-alive',
  'cache-control' => 'max-age=0',
  'upgrade-insecure-requests' => '1',
  'user-agent' => 'Mozilla/5.0 (Windows NT 6.1; WOW64) AppleWebKit/537.36 (KHTML, like Gecko) Chrome/67.0.3377.1 Safari/537.36',
  'accept' => 'text/html,application/xhtml+xml,application/xml;q=0.9,image/webp,image/apng,*/*;q=0.8',
  'referer' => 'http://localhost/think5/public/admin/adminhotai/user.html',
  'accept-encoding' => 'gzip, deflate, br',
  'accept-language' => 'zh-CN,zh;q=0.9',
  'cookie' => 'PHPSESSID=igkjp9h4mmg1qcatrf3gv77hho',
)
[ info ] [ PARAM ] array (
  'id' => '1',
)
[ info ] [ SESSION ] INIT array (
  'id' => '',
  'var_session_id' => '',
  'prefix' => 'think',
  'type' => '',
  'auto_start' => true,
)
[ info ] [ RUN ] app\admin\controller\AdminhotaiController->edit[ C:\xampp\htdocs\think5\application\admin\controller\AdminhotaiController.php ]
[ info ] [ DB ] INIT mysql
[ info ] [ VIEW ] C:\xampp\htdocs\think5\public/../application/admin\view\adminhotai\edit.html [ array (
  0 => 'user',
  1 => 'admin',
  2 => 'author',
) ]
[ info ] [ LOG ] INIT File
[ sql ] [ DB ] CONNECT:[ UseTime:0.010001s ] mysql:host=127.0.0.1;dbname=mysql;charset=utf8
[ sql ] [ SQL ] SHOW COLUMNS FROM `admin` [ RunTime:0.001000s ]
[ sql ] [ SQL ] SELECT * FROM `admin` WHERE  `id` = 1 LIMIT 1 [ RunTime:0.000000s ]
[ sql ] [ SQL ] SHOW COLUMNS FROM `author` [ RunTime:0.001000s ]
[ sql ] [ SQL ] SELECT * FROM `author` WHERE  `id` = 1 LIMIT 1 [ RunTime:0.000000s ]
---------------------------------------------------------------
[ 2018-06-28T11:53:30+08:00 ] 0.0.0.0 GET /think5/public/admin/adminhotai/edit/id/assets/img/user04.png
[ info ] localhost/think5/public/admin/adminhotai/edit/id/assets/img/user04.png [运行时间：0.059003s][吞吐率：16.95req/s] [内存消耗：2,559.80kb] [文件加载：53]
[ info ] [ LANG ] C:\xampp\htdocs\think5\thinkphp\lang\zh-cn.php
[ info ] [ ROUTE ] array (
  'type' => 'module',
  'module' => 
  array (
    0 => 'admin',
    1 => 'adminhotai',
    2 => 'edit',
  ),
)
[ info ] [ HEADER ] array (
  'host' => 'localhost',
  'connection' => 'keep-alive',
  'user-agent' => 'Mozilla/5.0 (Windows NT 6.1; WOW64) AppleWebKit/537.36 (KHTML, like Gecko) Chrome/67.0.3377.1 Safari/537.36',
  'accept' => 'image/webp,image/apng,image/*,*/*;q=0.8',
  'referer' => 'http://localhost/think5/public/admin/adminhotai/edit/id/1.html',
  'accept-encoding' => 'gzip, deflate, br',
  'accept-language' => 'zh-CN,zh;q=0.9',
  'cookie' => 'PHPSESSID=igkjp9h4mmg1qcatrf3gv77hho',
)
[ info ] [ PARAM ] array (
  'id' => 'assets',
  'img' => 'user04.png',
)
[ info ] [ SESSION ] INIT array (
  'id' => '',
  'var_session_id' => '',
  'prefix' => 'think',
  'type' => '',
  'auto_start' => true,
)
[ info ] [ RUN ] app\admin\controller\AdminhotaiController->edit[ C:\xampp\htdocs\think5\application\admin\controller\AdminhotaiController.php ]
[ info ] [ DB ] INIT mysql
[ info ] [ VIEW ] C:\xampp\htdocs\think5\thinkphp\tpl\dispatch_jump.tpl [ array (
  0 => 'user',
  1 => 'admin',
  2 => 'code',
  3 => 'msg',
  4 => 'data',
  5 => 'url',
  6 => 'wait',
) ]
[ info ] [ LOG ] INIT File
[ sql ] [ DB ] CONNECT:[ UseTime:0.011001s ] mysql:host=127.0.0.1;dbname=mysql;charset=utf8
[ sql ] [ SQL ] SHOW COLUMNS FROM `admin` [ RunTime:0.001000s ]
[ sql ] [ SQL ] SELECT * FROM `admin` WHERE  `id` = 1 LIMIT 1 [ RunTime:0.000000s ]
---------------------------------------------------------------
[ 2018-06-28T11:53:30+08:00 ] 0.0.0.0 GET /think5/public/admin/adminhotai/edit/id/1.html
[ info ] localhost/think5/public/admin/adminhotai/edit/id/1.html [运行时间：0.087005s][吞吐率：11.49req/s] [内存消耗：2,653.96kb] [文件加载：54]
[ info ] [ LANG ] C:\xampp\htdocs\think5\thinkphp\lang\zh-cn.php
[ info ] [ ROUTE ] array (
  'type' => 'module',
  'module' => 
  array (
    0 => 'admin',
    1 => 'adminhotai',
    2 => 'edit',
  ),
)
[ info ] [ HEADER ] array (
  'host' => 'localhost',
  'connection' => 'keep-alive',
  'cache-control' => 'max-age=0',
  'upgrade-insecure-requests' => '1',
  'user-agent' => 'Mozilla/5.0 (Windows NT 6.1; WOW64) AppleWebKit/537.36 (KHTML, like Gecko) Chrome/67.0.3377.1 Safari/537.36',
  'accept' => 'text/html,application/xhtml+xml,application/xml;q=0.9,image/webp,image/apng,*/*;q=0.8',
  'referer' => 'http://localhost/think5/public/admin/adminhotai/user.html',
  'accept-encoding' => 'gzip, deflate, br',
  'accept-language' => 'zh-CN,zh;q=0.9',
  'cookie' => 'PHPSESSID=igkjp9h4mmg1qcatrf3gv77hho',
)
[ info ] [ PARAM ] array (
  'id' => '1',
)
[ info ] [ SESSION ] INIT array (
  'id' => '',
  'var_session_id' => '',
  'prefix' => 'think',
  'type' => '',
  'auto_start' => true,
)
[ info ] [ RUN ] app\admin\controller\AdminhotaiController->edit[ C:\xampp\htdocs\think5\application\admin\controller\AdminhotaiController.php ]
[ info ] [ DB ] INIT mysql
[ info ] [ VIEW ] C:\xampp\htdocs\think5\public/../application/admin\view\adminhotai\edit.html [ array (
  0 => 'user',
  1 => 'admin',
  2 => 'author',
) ]
[ info ] [ LOG ] INIT File
[ sql ] [ DB ] CONNECT:[ UseTime:0.011001s ] mysql:host=127.0.0.1;dbname=mysql;charset=utf8
[ sql ] [ SQL ] SHOW COLUMNS FROM `admin` [ RunTime:0.001000s ]
[ sql ] [ SQL ] SELECT * FROM `admin` WHERE  `id` = 1 LIMIT 1 [ RunTime:0.000000s ]
[ sql ] [ SQL ] SHOW COLUMNS FROM `author` [ RunTime:0.004000s ]
[ sql ] [ SQL ] SELECT * FROM `author` WHERE  `id` = 1 LIMIT 1 [ RunTime:0.000000s ]
---------------------------------------------------------------
[ 2018-06-28T11:53:30+08:00 ] 0.0.0.0 GET /think5/public/admin/adminhotai/edit/id/assets/img/user04.png
[ info ] localhost/think5/public/admin/adminhotai/edit/id/assets/img/user04.png [运行时间：0.052003s][吞吐率：19.23req/s] [内存消耗：2,559.80kb] [文件加载：53]
[ info ] [ LANG ] C:\xampp\htdocs\think5\thinkphp\lang\zh-cn.php
[ info ] [ ROUTE ] array (
  'type' => 'module',
  'module' => 
  array (
    0 => 'admin',
    1 => 'adminhotai',
    2 => 'edit',
  ),
)
[ info ] [ HEADER ] array (
  'host' => 'localhost',
  'connection' => 'keep-alive',
  'user-agent' => 'Mozilla/5.0 (Windows NT 6.1; WOW64) AppleWebKit/537.36 (KHTML, like Gecko) Chrome/67.0.3377.1 Safari/537.36',
  'accept' => 'image/webp,image/apng,image/*,*/*;q=0.8',
  'referer' => 'http://localhost/think5/public/admin/adminhotai/edit/id/1.html',
  'accept-encoding' => 'gzip, deflate, br',
  'accept-language' => 'zh-CN,zh;q=0.9',
  'cookie' => 'PHPSESSID=igkjp9h4mmg1qcatrf3gv77hho',
)
[ info ] [ PARAM ] array (
  'id' => 'assets',
  'img' => 'user04.png',
)
[ info ] [ SESSION ] INIT array (
  'id' => '',
  'var_session_id' => '',
  'prefix' => 'think',
  'type' => '',
  'auto_start' => true,
)
[ info ] [ RUN ] app\admin\controller\AdminhotaiController->edit[ C:\xampp\htdocs\think5\application\admin\controller\AdminhotaiController.php ]
[ info ] [ DB ] INIT mysql
[ info ] [ VIEW ] C:\xampp\htdocs\think5\thinkphp\tpl\dispatch_jump.tpl [ array (
  0 => 'user',
  1 => 'admin',
  2 => 'code',
  3 => 'msg',
  4 => 'data',
  5 => 'url',
  6 => 'wait',
) ]
[ info ] [ LOG ] INIT File
[ sql ] [ DB ] CONNECT:[ UseTime:0.002000s ] mysql:host=127.0.0.1;dbname=mysql;charset=utf8
[ sql ] [ SQL ] SHOW COLUMNS FROM `admin` [ RunTime:0.002000s ]
[ sql ] [ SQL ] SELECT * FROM `admin` WHERE  `id` = 1 LIMIT 1 [ RunTime:0.000000s ]
---------------------------------------------------------------
[ 2018-06-28T11:53:33+08:00 ] 0.0.0.0 POST /think5/public/admin/adminhotai/authorupdate.html
[ info ] localhost/think5/public/admin/adminhotai/authorupdate.html [运行时间：0.162009s][吞吐率：6.17req/s] [内存消耗：2,671.62kb] [文件加载：59]
[ info ] [ LANG ] C:\xampp\htdocs\think5\thinkphp\lang\zh-cn.php
[ info ] [ ROUTE ] array (
  'type' => 'module',
  'module' => 
  array (
    0 => 'admin',
    1 => 'adminhotai',
    2 => 'authorupdate',
  ),
)
[ info ] [ HEADER ] array (
  'host' => 'localhost',
  'connection' => 'keep-alive',
  'content-length' => '104',
  'cache-control' => 'max-age=0',
  'origin' => 'http://localhost',
  'upgrade-insecure-requests' => '1',
  'content-type' => 'application/x-www-form-urlencoded',
  'user-agent' => 'Mozilla/5.0 (Windows NT 6.1; WOW64) AppleWebKit/537.36 (KHTML, like Gecko) Chrome/67.0.3377.1 Safari/537.36',
  'accept' => 'text/html,application/xhtml+xml,application/xml;q=0.9,image/webp,image/apng,*/*;q=0.8',
  'referer' => 'http://localhost/think5/public/admin/adminhotai/edit/id/1.html',
  'accept-encoding' => 'gzip, deflate, br',
  'accept-language' => 'zh-CN,zh;q=0.9',
  'cookie' => 'PHPSESSID=igkjp9h4mmg1qcatrf3gv77hho',
)
[ info ] [ PARAM ] array (
  'id' => '1',
  'username' => 'qianru',
  'realname' => 'xiaoxiao',
  'tel' => '',
  'email' => '123@qq.com',
  'password' => 'e10adc3949ba59abbe56e057f20f883e',
)
[ info ] [ SESSION ] INIT array (
  'id' => '',
  'var_session_id' => '',
  'prefix' => 'think',
  'type' => '',
  'auto_start' => true,
)
[ info ] [ RUN ] app\admin\controller\AdminhotaiController->authorUpdate[ C:\xampp\htdocs\think5\application\admin\controller\AdminhotaiController.php ]
[ info ] [ DB ] INIT mysql
[ info ] [ CACHE ] INIT File
[ info ] [ VIEW ] C:\xampp\htdocs\think5\thinkphp\tpl\dispatch_jump.tpl [ array (
  0 => 'user',
  1 => 'admin',
  2 => 'code',
  3 => 'msg',
  4 => 'data',
  5 => 'url',
  6 => 'wait',
) ]
[ info ] [ LOG ] INIT File
[ sql ] [ DB ] CONNECT:[ UseTime:0.010001s ] mysql:host=127.0.0.1;dbname=mysql;charset=utf8
[ sql ] [ SQL ] SHOW COLUMNS FROM `admin` [ RunTime:0.001000s ]
[ sql ] [ SQL ] SELECT * FROM `admin` WHERE  `id` = 1 LIMIT 1 [ RunTime:0.001000s ]
[ sql ] [ SQL ] SHOW COLUMNS FROM `author` [ RunTime:0.004000s ]
[ sql ] [ SQL ] SELECT * FROM `author` WHERE  `id` = 1 [ RunTime:0.001000s ]
[ sql ] [ SQL ] UPDATE `author`  SET `username`='qianru',`realname`='xiaoxiao',`tel`='',`email`='123@qq.com',`update_time`=1530158012  WHERE  `id` = 1 [ RunTime:0.067004s ]
---------------------------------------------------------------
[ 2018-06-28T11:53:33+08:00 ] 0.0.0.0 GET /think5/public/admin/userhotai/user.html
[ info ] localhost/think5/public/admin/userhotai/user.html [运行时间：0.050003s][吞吐率：20.00req/s] [内存消耗：1,250.42kb] [文件加载：38]
[ info ] [ LANG ] C:\xampp\htdocs\think5\thinkphp\lang\zh-cn.php
[ info ] [ ROUTE ] array (
  'type' => 'module',
  'module' => 
  array (
    0 => 'admin',
    1 => 'userhotai',
    2 => 'user',
  ),
)
[ info ] [ HEADER ] array (
  'host' => 'localhost',
  'connection' => 'keep-alive',
  'upgrade-insecure-requests' => '1',
  'user-agent' => 'Mozilla/5.0 (Windows NT 6.1; WOW64) AppleWebKit/537.36 (KHTML, like Gecko) Chrome/67.0.3377.1 Safari/537.36',
  'accept' => 'text/html,application/xhtml+xml,application/xml;q=0.9,image/webp,image/apng,*/*;q=0.8',
  'referer' => 'http://localhost/think5/public/admin/adminhotai/authorupdate.html',
  'accept-encoding' => 'gzip, deflate, br',
  'accept-language' => 'zh-CN,zh;q=0.9',
  'cookie' => 'PHPSESSID=igkjp9h4mmg1qcatrf3gv77hho',
)
[ info ] [ PARAM ] array (
)
[ info ] [ LOG ] INIT File
---------------------------------------------------------------
[ 2018-06-28T11:53:40+08:00 ] 0.0.0.0 GET /think5/public/admin/adminhotai/edit/id/1.html
[ info ] localhost/think5/public/admin/adminhotai/edit/id/1.html [运行时间：0.105006s][吞吐率：9.52req/s] [内存消耗：2,653.80kb] [文件加载：54]
[ info ] [ LANG ] C:\xampp\htdocs\think5\thinkphp\lang\zh-cn.php
[ info ] [ ROUTE ] array (
  'type' => 'module',
  'module' => 
  array (
    0 => 'admin',
    1 => 'adminhotai',
    2 => 'edit',
  ),
)
[ info ] [ HEADER ] array (
  'host' => 'localhost',
  'connection' => 'keep-alive',
  'upgrade-insecure-requests' => '1',
  'user-agent' => 'Mozilla/5.0 (Windows NT 6.1; WOW64) AppleWebKit/537.36 (KHTML, like Gecko) Chrome/67.0.3377.1 Safari/537.36',
  'accept' => 'text/html,application/xhtml+xml,application/xml;q=0.9,image/webp,image/apng,*/*;q=0.8',
  'referer' => 'http://localhost/think5/public/admin/adminhotai/user.html',
  'accept-encoding' => 'gzip, deflate, br',
  'accept-language' => 'zh-CN,zh;q=0.9',
  'cookie' => 'PHPSESSID=igkjp9h4mmg1qcatrf3gv77hho',
)
[ info ] [ PARAM ] array (
  'id' => '1',
)
[ info ] [ SESSION ] INIT array (
  'id' => '',
  'var_session_id' => '',
  'prefix' => 'think',
  'type' => '',
  'auto_start' => true,
)
[ info ] [ RUN ] app\admin\controller\AdminhotaiController->edit[ C:\xampp\htdocs\think5\application\admin\controller\AdminhotaiController.php ]
[ info ] [ DB ] INIT mysql
[ info ] [ VIEW ] C:\xampp\htdocs\think5\public/../application/admin\view\adminhotai\edit.html [ array (
  0 => 'user',
  1 => 'admin',
  2 => 'author',
) ]
[ info ] [ LOG ] INIT File
[ sql ] [ DB ] CONNECT:[ UseTime:0.001000s ] mysql:host=127.0.0.1;dbname=mysql;charset=utf8
[ sql ] [ SQL ] SHOW COLUMNS FROM `admin` [ RunTime:0.001000s ]
[ sql ] [ SQL ] SELECT * FROM `admin` WHERE  `id` = 1 LIMIT 1 [ RunTime:0.000000s ]
[ sql ] [ SQL ] SHOW COLUMNS FROM `author` [ RunTime:0.001000s ]
[ sql ] [ SQL ] SELECT * FROM `author` WHERE  `id` = 1 LIMIT 1 [ RunTime:0.000000s ]
---------------------------------------------------------------
[ 2018-06-28T11:53:40+08:00 ] 0.0.0.0 GET /think5/public/admin/adminhotai/edit/id/assets/img/user04.png
[ info ] localhost/think5/public/admin/adminhotai/edit/id/assets/img/user04.png [运行时间：0.046002s][吞吐率：21.74req/s] [内存消耗：2,559.80kb] [文件加载：53]
[ info ] [ LANG ] C:\xampp\htdocs\think5\thinkphp\lang\zh-cn.php
[ info ] [ ROUTE ] array (
  'type' => 'module',
  'module' => 
  array (
    0 => 'admin',
    1 => 'adminhotai',
    2 => 'edit',
  ),
)
[ info ] [ HEADER ] array (
  'host' => 'localhost',
  'connection' => 'keep-alive',
  'user-agent' => 'Mozilla/5.0 (Windows NT 6.1; WOW64) AppleWebKit/537.36 (KHTML, like Gecko) Chrome/67.0.3377.1 Safari/537.36',
  'accept' => 'image/webp,image/apng,image/*,*/*;q=0.8',
  'referer' => 'http://localhost/think5/public/admin/adminhotai/edit/id/1.html',
  'accept-encoding' => 'gzip, deflate, br',
  'accept-language' => 'zh-CN,zh;q=0.9',
  'cookie' => 'PHPSESSID=igkjp9h4mmg1qcatrf3gv77hho',
)
[ info ] [ PARAM ] array (
  'id' => 'assets',
  'img' => 'user04.png',
)
[ info ] [ SESSION ] INIT array (
  'id' => '',
  'var_session_id' => '',
  'prefix' => 'think',
  'type' => '',
  'auto_start' => true,
)
[ info ] [ RUN ] app\admin\controller\AdminhotaiController->edit[ C:\xampp\htdocs\think5\application\admin\controller\AdminhotaiController.php ]
[ info ] [ DB ] INIT mysql
[ info ] [ VIEW ] C:\xampp\htdocs\think5\thinkphp\tpl\dispatch_jump.tpl [ array (
  0 => 'user',
  1 => 'admin',
  2 => 'code',
  3 => 'msg',
  4 => 'data',
  5 => 'url',
  6 => 'wait',
) ]
[ info ] [ LOG ] INIT File
[ sql ] [ DB ] CONNECT:[ UseTime:0.001000s ] mysql:host=127.0.0.1;dbname=mysql;charset=utf8
[ sql ] [ SQL ] SHOW COLUMNS FROM `admin` [ RunTime:0.001000s ]
[ sql ] [ SQL ] SELECT * FROM `admin` WHERE  `id` = 1 LIMIT 1 [ RunTime:0.000000s ]
---------------------------------------------------------------
[ 2018-06-28T11:53:41+08:00 ] 0.0.0.0 GET /think5/public/admin/adminhotai/edit/id/1.html
[ info ] localhost/think5/public/admin/adminhotai/edit/id/1.html [运行时间：0.089005s][吞吐率：11.24req/s] [内存消耗：2,654.00kb] [文件加载：54]
[ info ] [ LANG ] C:\xampp\htdocs\think5\thinkphp\lang\zh-cn.php
[ info ] [ ROUTE ] array (
  'type' => 'module',
  'module' => 
  array (
    0 => 'admin',
    1 => 'adminhotai',
    2 => 'edit',
  ),
)
[ info ] [ HEADER ] array (
  'host' => 'localhost',
  'connection' => 'keep-alive',
  'cache-control' => 'max-age=0',
  'upgrade-insecure-requests' => '1',
  'user-agent' => 'Mozilla/5.0 (Windows NT 6.1; WOW64) AppleWebKit/537.36 (KHTML, like Gecko) Chrome/67.0.3377.1 Safari/537.36',
  'accept' => 'text/html,application/xhtml+xml,application/xml;q=0.9,image/webp,image/apng,*/*;q=0.8',
  'referer' => 'http://localhost/think5/public/admin/adminhotai/user.html',
  'accept-encoding' => 'gzip, deflate, br',
  'accept-language' => 'zh-CN,zh;q=0.9',
  'cookie' => 'PHPSESSID=igkjp9h4mmg1qcatrf3gv77hho',
)
[ info ] [ PARAM ] array (
  'id' => '1',
)
[ info ] [ SESSION ] INIT array (
  'id' => '',
  'var_session_id' => '',
  'prefix' => 'think',
  'type' => '',
  'auto_start' => true,
)
[ info ] [ RUN ] app\admin\controller\AdminhotaiController->edit[ C:\xampp\htdocs\think5\application\admin\controller\AdminhotaiController.php ]
[ info ] [ DB ] INIT mysql
[ info ] [ VIEW ] C:\xampp\htdocs\think5\public/../application/admin\view\adminhotai\edit.html [ array (
  0 => 'user',
  1 => 'admin',
  2 => 'author',
) ]
[ info ] [ LOG ] INIT File
[ sql ] [ DB ] CONNECT:[ UseTime:0.002000s ] mysql:host=127.0.0.1;dbname=mysql;charset=utf8
[ sql ] [ SQL ] SHOW COLUMNS FROM `admin` [ RunTime:0.001000s ]
[ sql ] [ SQL ] SELECT * FROM `admin` WHERE  `id` = 1 LIMIT 1 [ RunTime:0.000000s ]
[ sql ] [ SQL ] SHOW COLUMNS FROM `author` [ RunTime:0.001000s ]
[ sql ] [ SQL ] SELECT * FROM `author` WHERE  `id` = 1 LIMIT 1 [ RunTime:0.000000s ]
---------------------------------------------------------------
[ 2018-06-28T11:53:41+08:00 ] 0.0.0.0 GET /think5/public/admin/adminhotai/edit/id/assets/img/user04.png
[ info ] localhost/think5/public/admin/adminhotai/edit/id/assets/img/user04.png [运行时间：0.056003s][吞吐率：17.86req/s] [内存消耗：2,559.80kb] [文件加载：53]
[ info ] [ LANG ] C:\xampp\htdocs\think5\thinkphp\lang\zh-cn.php
[ info ] [ ROUTE ] array (
  'type' => 'module',
  'module' => 
  array (
    0 => 'admin',
    1 => 'adminhotai',
    2 => 'edit',
  ),
)
[ info ] [ HEADER ] array (
  'host' => 'localhost',
  'connection' => 'keep-alive',
  'user-agent' => 'Mozilla/5.0 (Windows NT 6.1; WOW64) AppleWebKit/537.36 (KHTML, like Gecko) Chrome/67.0.3377.1 Safari/537.36',
  'accept' => 'image/webp,image/apng,image/*,*/*;q=0.8',
  'referer' => 'http://localhost/think5/public/admin/adminhotai/edit/id/1.html',
  'accept-encoding' => 'gzip, deflate, br',
  'accept-language' => 'zh-CN,zh;q=0.9',
  'cookie' => 'PHPSESSID=igkjp9h4mmg1qcatrf3gv77hho',
)
[ info ] [ PARAM ] array (
  'id' => 'assets',
  'img' => 'user04.png',
)
[ info ] [ SESSION ] INIT array (
  'id' => '',
  'var_session_id' => '',
  'prefix' => 'think',
  'type' => '',
  'auto_start' => true,
)
[ info ] [ RUN ] app\admin\controller\AdminhotaiController->edit[ C:\xampp\htdocs\think5\application\admin\controller\AdminhotaiController.php ]
[ info ] [ DB ] INIT mysql
[ info ] [ VIEW ] C:\xampp\htdocs\think5\thinkphp\tpl\dispatch_jump.tpl [ array (
  0 => 'user',
  1 => 'admin',
  2 => 'code',
  3 => 'msg',
  4 => 'data',
  5 => 'url',
  6 => 'wait',
) ]
[ info ] [ LOG ] INIT File
[ sql ] [ DB ] CONNECT:[ UseTime:0.010001s ] mysql:host=127.0.0.1;dbname=mysql;charset=utf8
[ sql ] [ SQL ] SHOW COLUMNS FROM `admin` [ RunTime:0.001000s ]
[ sql ] [ SQL ] SELECT * FROM `admin` WHERE  `id` = 1 LIMIT 1 [ RunTime:0.001000s ]
---------------------------------------------------------------
[ 2018-06-28T11:53:42+08:00 ] 0.0.0.0 GET /think5/public/admin/adminhotai/edit/id/1.html
[ info ] localhost/think5/public/admin/adminhotai/edit/id/1.html [运行时间：0.079004s][吞吐率：12.66req/s] [内存消耗：2,654.00kb] [文件加载：54]
[ info ] [ LANG ] C:\xampp\htdocs\think5\thinkphp\lang\zh-cn.php
[ info ] [ ROUTE ] array (
  'type' => 'module',
  'module' => 
  array (
    0 => 'admin',
    1 => 'adminhotai',
    2 => 'edit',
  ),
)
[ info ] [ HEADER ] array (
  'host' => 'localhost',
  'connection' => 'keep-alive',
  'cache-control' => 'max-age=0',
  'upgrade-insecure-requests' => '1',
  'user-agent' => 'Mozilla/5.0 (Windows NT 6.1; WOW64) AppleWebKit/537.36 (KHTML, like Gecko) Chrome/67.0.3377.1 Safari/537.36',
  'accept' => 'text/html,application/xhtml+xml,application/xml;q=0.9,image/webp,image/apng,*/*;q=0.8',
  'referer' => 'http://localhost/think5/public/admin/adminhotai/user.html',
  'accept-encoding' => 'gzip, deflate, br',
  'accept-language' => 'zh-CN,zh;q=0.9',
  'cookie' => 'PHPSESSID=igkjp9h4mmg1qcatrf3gv77hho',
)
[ info ] [ PARAM ] array (
  'id' => '1',
)
[ info ] [ SESSION ] INIT array (
  'id' => '',
  'var_session_id' => '',
  'prefix' => 'think',
  'type' => '',
  'auto_start' => true,
)
[ info ] [ RUN ] app\admin\controller\AdminhotaiController->edit[ C:\xampp\htdocs\think5\application\admin\controller\AdminhotaiController.php ]
[ info ] [ DB ] INIT mysql
[ info ] [ VIEW ] C:\xampp\htdocs\think5\public/../application/admin\view\adminhotai\edit.html [ array (
  0 => 'user',
  1 => 'admin',
  2 => 'author',
) ]
[ info ] [ LOG ] INIT File
[ sql ] [ DB ] CONNECT:[ UseTime:0.010001s ] mysql:host=127.0.0.1;dbname=mysql;charset=utf8
[ sql ] [ SQL ] SHOW COLUMNS FROM `admin` [ RunTime:0.001000s ]
[ sql ] [ SQL ] SELECT * FROM `admin` WHERE  `id` = 1 LIMIT 1 [ RunTime:0.000000s ]
[ sql ] [ SQL ] SHOW COLUMNS FROM `author` [ RunTime:0.001000s ]
[ sql ] [ SQL ] SELECT * FROM `author` WHERE  `id` = 1 LIMIT 1 [ RunTime:0.000000s ]
---------------------------------------------------------------
[ 2018-06-28T11:53:42+08:00 ] 0.0.0.0 GET /think5/public/admin/adminhotai/edit/id/assets/img/user04.png
[ info ] localhost/think5/public/admin/adminhotai/edit/id/assets/img/user04.png [运行时间：0.045002s][吞吐率：22.22req/s] [内存消耗：2,559.80kb] [文件加载：53]
[ info ] [ LANG ] C:\xampp\htdocs\think5\thinkphp\lang\zh-cn.php
[ info ] [ ROUTE ] array (
  'type' => 'module',
  'module' => 
  array (
    0 => 'admin',
    1 => 'adminhotai',
    2 => 'edit',
  ),
)
[ info ] [ HEADER ] array (
  'host' => 'localhost',
  'connection' => 'keep-alive',
  'user-agent' => 'Mozilla/5.0 (Windows NT 6.1; WOW64) AppleWebKit/537.36 (KHTML, like Gecko) Chrome/67.0.3377.1 Safari/537.36',
  'accept' => 'image/webp,image/apng,image/*,*/*;q=0.8',
  'referer' => 'http://localhost/think5/public/admin/adminhotai/edit/id/1.html',
  'accept-encoding' => 'gzip, deflate, br',
  'accept-language' => 'zh-CN,zh;q=0.9',
  'cookie' => 'PHPSESSID=igkjp9h4mmg1qcatrf3gv77hho',
)
[ info ] [ PARAM ] array (
  'id' => 'assets',
  'img' => 'user04.png',
)
[ info ] [ SESSION ] INIT array (
  'id' => '',
  'var_session_id' => '',
  'prefix' => 'think',
  'type' => '',
  'auto_start' => true,
)
[ info ] [ RUN ] app\admin\controller\AdminhotaiController->edit[ C:\xampp\htdocs\think5\application\admin\controller\AdminhotaiController.php ]
[ info ] [ DB ] INIT mysql
[ info ] [ VIEW ] C:\xampp\htdocs\think5\thinkphp\tpl\dispatch_jump.tpl [ array (
  0 => 'user',
  1 => 'admin',
  2 => 'code',
  3 => 'msg',
  4 => 'data',
  5 => 'url',
  6 => 'wait',
) ]
[ info ] [ LOG ] INIT File
[ sql ] [ DB ] CONNECT:[ UseTime:0.002000s ] mysql:host=127.0.0.1;dbname=mysql;charset=utf8
[ sql ] [ SQL ] SHOW COLUMNS FROM `admin` [ RunTime:0.001000s ]
[ sql ] [ SQL ] SELECT * FROM `admin` WHERE  `id` = 1 LIMIT 1 [ RunTime:0.001000s ]
---------------------------------------------------------------
[ 2018-06-28T11:53:44+08:00 ] 0.0.0.0 GET /think5/public/admin/login/logout.html
[ info ] localhost/think5/public/admin/login/logout.html [运行时间：0.068004s][吞吐率：14.70req/s] [内存消耗：1,793.50kb] [文件加载：46]
[ info ] [ LANG ] C:\xampp\htdocs\think5\thinkphp\lang\zh-cn.php
[ info ] [ ROUTE ] array (
  'type' => 'module',
  'module' => 
  array (
    0 => 'admin',
    1 => 'login',
    2 => 'logout',
  ),
)
[ info ] [ HEADER ] array (
  'host' => 'localhost',
  'connection' => 'keep-alive',
  'upgrade-insecure-requests' => '1',
  'user-agent' => 'Mozilla/5.0 (Windows NT 6.1; WOW64) AppleWebKit/537.36 (KHTML, like Gecko) Chrome/67.0.3377.1 Safari/537.36',
  'accept' => 'text/html,application/xhtml+xml,application/xml;q=0.9,image/webp,image/apng,*/*;q=0.8',
  'referer' => 'http://localhost/think5/public/admin/adminhotai/edit/id/1.html',
  'accept-encoding' => 'gzip, deflate, br',
  'accept-language' => 'zh-CN,zh;q=0.9',
  'cookie' => 'PHPSESSID=igkjp9h4mmg1qcatrf3gv77hho',
)
[ info ] [ PARAM ] array (
)
[ info ] [ RUN ] app\admin\controller\LoginController->logout[ C:\xampp\htdocs\think5\application\admin\controller\LoginController.php ]
[ info ] [ SESSION ] INIT array (
  'id' => '',
  'var_session_id' => '',
  'prefix' => 'think',
  'type' => '',
  'auto_start' => true,
)
[ info ] [ LOG ] INIT File
---------------------------------------------------------------
[ 2018-06-28T11:53:44+08:00 ] 0.0.0.0 GET /think5/public/admin/login/index.html
[ info ] localhost/think5/public/admin/login/index.html [运行时间：0.060004s][吞吐率：16.67req/s] [内存消耗：1,524.03kb] [文件加载：43]
[ info ] [ LANG ] C:\xampp\htdocs\think5\thinkphp\lang\zh-cn.php
[ info ] [ ROUTE ] array (
  'type' => 'module',
  'module' => 
  array (
    0 => 'admin',
    1 => 'login',
    2 => 'index',
  ),
)
[ info ] [ HEADER ] array (
  'host' => 'localhost',
  'connection' => 'keep-alive',
  'upgrade-insecure-requests' => '1',
  'user-agent' => 'Mozilla/5.0 (Windows NT 6.1; WOW64) AppleWebKit/537.36 (KHTML, like Gecko) Chrome/67.0.3377.1 Safari/537.36',
  'accept' => 'text/html,application/xhtml+xml,application/xml;q=0.9,image/webp,image/apng,*/*;q=0.8',
  'referer' => 'http://localhost/think5/public/admin/adminhotai/edit/id/1.html',
  'accept-encoding' => 'gzip, deflate, br',
  'accept-language' => 'zh-CN,zh;q=0.9',
  'cookie' => 'PHPSESSID=igkjp9h4mmg1qcatrf3gv77hho',
)
[ info ] [ PARAM ] array (
)
[ info ] [ RUN ] app\admin\controller\LoginController->index[ C:\xampp\htdocs\think5\application\admin\controller\LoginController.php ]
[ info ] [ VIEW ] C:\xampp\htdocs\think5\public/../application/admin\view\login\index.html [ array (
) ]
[ info ] [ LOG ] INIT File
